[     517ms] [WARNING] <link rel=preload> must have a valid `as` value @ https://www.linkedin.com/uas/login?session_redirect=https%3A%2F%2Fwww.linkedin.com%2Ffeed%2F:99
[     517ms] [WARNING] <link rel=preload> must have a valid `as` value @ https://www.linkedin.com/uas/login?session_redirect=https%3A%2F%2Fwww.linkedin.com%2Ffeed%2F:100
[     517ms] [WARNING] <link rel=preload> must have a valid `as` value @ https://www.linkedin.com/uas/login?session_redirect=https%3A%2F%2Fwww.linkedin.com%2Ffeed%2F:101
[     517ms] [WARNING] <link rel=preload> must have a valid `as` value @ https://www.linkedin.com/uas/login?session_redirect=https%3A%2F%2Fwww.linkedin.com%2Ffeed%2F:102
[     517ms] [WARNING] <link rel=preload> must have a valid `as` value @ https://www.linkedin.com/uas/login?session_redirect=https%3A%2F%2Fwww.linkedin.com%2Ffeed%2F:105
[     517ms] [WARNING] <link rel=preload> must have a valid `as` value @ https://www.linkedin.com/uas/login?session_redirect=https%3A%2F%2Fwww.linkedin.com%2Ffeed%2F:106
[    1004ms] [LOG] %c EvalError
    at ml (https://client.protechts.net/PXdOjV695v/main.min.js:2:62526)
    at oo (https://client.protechts.net/PXdOjV695v/main.min.js:2:68148)
    at Hk (https://client.protechts.net/PXdOjV695v/main.min.js:2:217135)
    at Hi (https://client.protechts.net/PXdOjV695v/main.min.js:2:216858)
    at https://client.protechts.net/PXdOjV695v/main.min.js:2:218562
    at https://client.protechts.net/PXdOjV695v/main.min.js:2:218568
    at https://client.protechts.net/PXdOjV695v/main.min.js:2:219033 @ https://client.protechts.net/PXdOjV695v/main.min.js:1
[    1007ms] [WARNING] [GSI_LOGGER]: Your client application may not display the Google One Tap in its default position. When FedCM becomes mandatory, One Tap only displays in the default position. Refer to the migration guide to update your code accordingly and opt-in to FedCM to test your changes. Learn more: https://developers.google.com/identity/gsi/web/guides/fedcm-migration?s=dc#layout @ https://static.licdn.com/sc/h/aofke6z5sqc44bjlvj6yr05c8:168
[    1007ms] [WARNING] [GSI_LOGGER]: Your client application uses one of the Google One Tap prompt UI status methods that may stop functioning when FedCM becomes mandatory. Refer to the migration guide to update your code accordingly and opt-in to FedCM to test your changes. Learn more: https://developers.google.com/identity/gsi/web/guides/fedcm-migration?s=dc#display_moment and https://developers.google.com/identity/gsi/web/guides/fedcm-migration?s=dc#skipped_moment @ https://static.licdn.com/sc/h/aofke6z5sqc44bjlvj6yr05c8:168
[    1008ms] [WARNING] [GSI_LOGGER]: Currently, you disable FedCM on Google One Tap. FedCM for One Tap will become mandatory starting Oct 2024, and you won’t be able to disable it. Refer to the migration guide to update your code accordingly to ensure users will not be blocked from logging in. Learn more: https://developers.google.com/identity/gsi/web/guides/fedcm-migration @ https://static.licdn.com/sc/h/aofke6z5sqc44bjlvj6yr05c8:168
[    1051ms] [WARNING] WARNING: Too many active WebGL contexts. Oldest context will be lost. @ https://static.licdn.com/sc/h/7kposvlmadm04u71pp9u1qzyg:0
[    1057ms] [WARNING] WARNING: Too many active WebGL contexts. Oldest context will be lost. @ https://static.licdn.com/sc/h/7kposvlmadm04u71pp9u1qzyg:0
[    1361ms] [LOG] %c EvalError
    at Array.<anonymous> (https://crcldu.com/bd/auditor.js?v=1775314080000:1:179851)
    at _0x127e._0x7e1d (https://crcldu.com/bd/auditor.js?v=1775314080000:1:196326)
    at _0x127e._0xa099 (https://crcldu.com/bd/auditor.js?v=1775314080000:1:197858)
    at Array.<anonymous> (https://crcldu.com/bd/auditor.js?v=1775314080000:1:178769)
    at _0x127e._0x7e1d (https://crcldu.com/bd/auditor.js?v=1775314080000:1:196326)
    at _0x127e._0xa099 (https://crcldu.com/bd/auditor.js?v=1775314080000:1:197858)
    at Array.<anonymous> (https://crcldu.com/bd/auditor.js?v=1775314080000:1:178769)
    at _0x127e._0x7e1d (https://crcldu.com/bd/auditor.js?v=1775314080000:1:196326)
    at _0x127e._0xa099 (https://crcldu.com/bd/auditor.js?v=1775314080000:1:197858)
    at Array.<anonymous> (https://crcldu.com/bd/auditor.js?v=1775314080000:1:178769) @ https://crcldu.com/bd/auditor.js?v=1775314080000:0
[    8492ms] [WARNING] BooleanExpression with operator "numericEquals" had an expression that evaluated to null on one side. @ https://static.licdn.com/aero-v1/sc/h/assets/sdui-Da9K0uTH.es.js:0
[    8492ms] [WARNING] BooleanExpression with operator "numericEquals" had an expression that evaluated to null on one side. @ https://static.licdn.com/aero-v1/sc/h/assets/sdui-Da9K0uTH.es.js:0
[    8495ms] [WARNING] BooleanExpression with operator "numericEquals" had an expression that evaluated to null on one side. @ https://static.licdn.com/aero-v1/sc/h/assets/sdui-Da9K0uTH.es.js:0
[    8495ms] [WARNING] BooleanExpression with operator "numericEquals" had an expression that evaluated to null on one side. @ https://static.licdn.com/aero-v1/sc/h/assets/sdui-Da9K0uTH.es.js:0
[    8522ms] [WARNING] BooleanExpression with operator "numericEquals" had an expression that evaluated to null on one side. @ https://static.licdn.com/aero-v1/sc/h/assets/sdui-Da9K0uTH.es.js:0
[    8523ms] [WARNING] BooleanExpression with operator "numericEquals" had an expression that evaluated to null on one side. @ https://static.licdn.com/aero-v1/sc/h/assets/sdui-Da9K0uTH.es.js:0
[    8523ms] [WARNING] BooleanExpression with operator "numericEquals" had an expression that evaluated to null on one side. @ https://static.licdn.com/aero-v1/sc/h/assets/sdui-Da9K0uTH.es.js:0
[    8524ms] [WARNING] BooleanExpression with operator "numericEquals" had an expression that evaluated to null on one side. @ https://static.licdn.com/aero-v1/sc/h/assets/sdui-Da9K0uTH.es.js:0
[    8529ms] [WARNING] BooleanExpression with operator "stringEquals" had an expression that evaluated to null on one side. @ https://static.licdn.com/aero-v1/sc/h/assets/sdui-Da9K0uTH.es.js:0
[    8529ms] [WARNING] BooleanExpression with operator "or" had an expression that evaluated to null on one side. @ https://static.licdn.com/aero-v1/sc/h/assets/sdui-Da9K0uTH.es.js:0
[    8529ms] [WARNING] BooleanExpression with operator "not" had an expression that evaluated to null on one side. @ https://static.licdn.com/aero-v1/sc/h/assets/sdui-Da9K0uTH.es.js:0
[    8529ms] [WARNING] BooleanExpression with operator "and" had an expression that evaluated to null on one side. @ https://static.licdn.com/aero-v1/sc/h/assets/sdui-Da9K0uTH.es.js:0
[    8529ms] [WARNING] BooleanExpression with operator "stringEquals" had an expression that evaluated to null on one side. @ https://static.licdn.com/aero-v1/sc/h/assets/sdui-Da9K0uTH.es.js:0
[    8529ms] [WARNING] BooleanExpression with operator "or" had an expression that evaluated to null on one side. @ https://static.licdn.com/aero-v1/sc/h/assets/sdui-Da9K0uTH.es.js:0
[    8529ms] [WARNING] BooleanExpression with operator "not" had an expression that evaluated to null on one side. @ https://static.licdn.com/aero-v1/sc/h/assets/sdui-Da9K0uTH.es.js:0
[    8529ms] [WARNING] BooleanExpression with operator "and" had an expression that evaluated to null on one side. @ https://static.licdn.com/aero-v1/sc/h/assets/sdui-Da9K0uTH.es.js:0
[    8545ms] [WARNING] BooleanExpression with operator "stringEquals" had an expression that evaluated to null on one side. @ https://static.licdn.com/aero-v1/sc/h/assets/sdui-Da9K0uTH.es.js:0
[    8545ms] [WARNING] BooleanExpression with operator "stringEquals" had an expression that evaluated to null on one side. @ https://static.licdn.com/aero-v1/sc/h/assets/sdui-Da9K0uTH.es.js:0
[    8545ms] [WARNING] BooleanExpression with operator "stringEquals" had an expression that evaluated to null on one side. @ https://static.licdn.com/aero-v1/sc/h/assets/sdui-Da9K0uTH.es.js:0
[    8545ms] [WARNING] BooleanExpression with operator "stringEquals" had an expression that evaluated to null on one side. @ https://static.licdn.com/aero-v1/sc/h/assets/sdui-Da9K0uTH.es.js:0
[    8550ms] [WARNING] BooleanExpression with operator "numericGreaterThan" had an expression that evaluated to null on one side. @ https://static.licdn.com/aero-v1/sc/h/assets/sdui-Da9K0uTH.es.js:0
[    8550ms] [WARNING] BooleanExpression with operator "numericGreaterThan" had an expression that evaluated to null on one side. @ https://static.licdn.com/aero-v1/sc/h/assets/sdui-Da9K0uTH.es.js:0
[    8560ms] [WARNING] BooleanExpression with operator "numericGreaterThan" had an expression that evaluated to null on one side. @ https://static.licdn.com/aero-v1/sc/h/assets/sdui-Da9K0uTH.es.js:0
[    8561ms] [WARNING] BooleanExpression with operator "numericGreaterThan" had an expression that evaluated to null on one side. @ https://static.licdn.com/aero-v1/sc/h/assets/sdui-Da9K0uTH.es.js:0
[    8575ms] [WARNING] BooleanExpression with operator "numericGreaterThan" had an expression that evaluated to null on one side. @ https://static.licdn.com/aero-v1/sc/h/assets/sdui-Da9K0uTH.es.js:0
[    8575ms] [WARNING] BooleanExpression with operator "numericGreaterThan" had an expression that evaluated to null on one side. @ https://static.licdn.com/aero-v1/sc/h/assets/sdui-Da9K0uTH.es.js:0
[    8614ms] Error: Minified React error #418; visit https://react.dev/errors/418?args[]= for the full message or use the non-minified dev environment for full errors and additional helpful warnings.
    at ab (https://static.licdn.com/aero-v1/sc/h/assets/vendor-DRK-hrBg.es.js:1:78357)
    at lL (https://static.licdn.com/aero-v1/sc/h/assets/vendor-DRK-hrBg.es.js:1:127067)
    at db (https://static.licdn.com/aero-v1/sc/h/assets/vendor-DRK-hrBg.es.js:1:170587)
    at dv (https://static.licdn.com/aero-v1/sc/h/assets/vendor-DRK-hrBg.es.js:1:170557)
    at dy (https://static.licdn.com/aero-v1/sc/h/assets/vendor-DRK-hrBg.es.js:1:170413)
    at u4 (https://static.licdn.com/aero-v1/sc/h/assets/vendor-DRK-hrBg.es.js:1:165829)
    at dq (https://static.licdn.com/aero-v1/sc/h/assets/vendor-DRK-hrBg.es.js:1:176718)
    at MessagePort.eF (https://static.licdn.com/aero-v1/sc/h/assets/vendor-DRK-hrBg.es.js:1:34436)
[    8663ms] [WARNING] BooleanExpression with operator "numericGreaterThan" had an expression that evaluated to null on one side. @ https://static.licdn.com/aero-v1/sc/h/assets/sdui-Da9K0uTH.es.js:0
[    8663ms] [WARNING] BooleanExpression with operator "numericGreaterThan" had an expression that evaluated to null on one side. @ https://static.licdn.com/aero-v1/sc/h/assets/sdui-Da9K0uTH.es.js:0
[    8677ms] [WARNING] BooleanExpression with operator "numericGreaterThan" had an expression that evaluated to null on one side. @ https://static.licdn.com/aero-v1/sc/h/assets/sdui-Da9K0uTH.es.js:0
[    8677ms] [WARNING] BooleanExpression with operator "numericGreaterThan" had an expression that evaluated to null on one side. @ https://static.licdn.com/aero-v1/sc/h/assets/sdui-Da9K0uTH.es.js:0
[    8690ms] [WARNING] BooleanExpression with operator "numericGreaterThan" had an expression that evaluated to null on one side. @ https://static.licdn.com/aero-v1/sc/h/assets/sdui-Da9K0uTH.es.js:0
[    8690ms] [WARNING] BooleanExpression with operator "numericGreaterThan" had an expression that evaluated to null on one side. @ https://static.licdn.com/aero-v1/sc/h/assets/sdui-Da9K0uTH.es.js:0
[    8795ms] [WARNING] BooleanExpression with operator "numericGreaterThan" had an expression that evaluated to null on one side. @ https://static.licdn.com/aero-v1/sc/h/assets/sdui-Da9K0uTH.es.js:0
[    9585ms] [ERROR] Failed to load resource: the server responded with a status of 410 (Gone) @ https://ads.stickyadstv.com/user-matching?id=3661:0
[    9614ms] [WARNING] BooleanExpression with operator "numericGreaterThan" had an expression that evaluated to null on one side. @ https://static.licdn.com/aero-v1/sc/h/assets/sdui-Da9K0uTH.es.js:0
[    9614ms] [WARNING] BooleanExpression with operator "numericGreaterThan" had an expression that evaluated to null on one side. @ https://static.licdn.com/aero-v1/sc/h/assets/sdui-Da9K0uTH.es.js:0
[    9634ms] [WARNING] BooleanExpression with operator "numericGreaterThan" had an expression that evaluated to null on one side. @ https://static.licdn.com/aero-v1/sc/h/assets/sdui-Da9K0uTH.es.js:0
[    9634ms] [WARNING] BooleanExpression with operator "numericGreaterThan" had an expression that evaluated to null on one side. @ https://static.licdn.com/aero-v1/sc/h/assets/sdui-Da9K0uTH.es.js:0
[    9636ms] [WARNING] BooleanExpression with operator "numericGreaterThan" had an expression that evaluated to null on one side. @ https://static.licdn.com/aero-v1/sc/h/assets/sdui-Da9K0uTH.es.js:0
[    9636ms] [WARNING] BooleanExpression with operator "numericGreaterThan" had an expression that evaluated to null on one side. @ https://static.licdn.com/aero-v1/sc/h/assets/sdui-Da9K0uTH.es.js:0
[    9662ms] [WARNING] BooleanExpression with operator "numericGreaterThan" had an expression that evaluated to null on one side. @ https://static.licdn.com/aero-v1/sc/h/assets/sdui-Da9K0uTH.es.js:0
[    9662ms] [WARNING] BooleanExpression with operator "numericGreaterThan" had an expression that evaluated to null on one side. @ https://static.licdn.com/aero-v1/sc/h/assets/sdui-Da9K0uTH.es.js:0
[    9669ms] [WARNING] BooleanExpression with operator "numericGreaterThan" had an expression that evaluated to null on one side. @ https://static.licdn.com/aero-v1/sc/h/assets/sdui-Da9K0uTH.es.js:0
[    9670ms] [WARNING] BooleanExpression with operator "numericGreaterThan" had an expression that evaluated to null on one side. @ https://static.licdn.com/aero-v1/sc/h/assets/sdui-Da9K0uTH.es.js:0
[    9671ms] [WARNING] BooleanExpression with operator "numericGreaterThan" had an expression that evaluated to null on one side. @ https://static.licdn.com/aero-v1/sc/h/assets/sdui-Da9K0uTH.es.js:0
[    9671ms] [WARNING] BooleanExpression with operator "numericGreaterThan" had an expression that evaluated to null on one side. @ https://static.licdn.com/aero-v1/sc/h/assets/sdui-Da9K0uTH.es.js:0
[    9690ms] [WARNING] BooleanExpression with operator "numericGreaterThan" had an expression that evaluated to null on one side. @ https://static.licdn.com/aero-v1/sc/h/assets/sdui-Da9K0uTH.es.js:0
[    9690ms] [WARNING] BooleanExpression with operator "numericGreaterThan" had an expression that evaluated to null on one side. @ https://static.licdn.com/aero-v1/sc/h/assets/sdui-Da9K0uTH.es.js:0
[    9714ms] [WARNING] BooleanExpression with operator "numericGreaterThan" had an expression that evaluated to null on one side. @ https://static.licdn.com/aero-v1/sc/h/assets/sdui-Da9K0uTH.es.js:0
[    9714ms] [WARNING] BooleanExpression with operator "numericGreaterThan" had an expression that evaluated to null on one side. @ https://static.licdn.com/aero-v1/sc/h/assets/sdui-Da9K0uTH.es.js:0
[   10744ms] [ERROR] Connecting to 'https://www.google.com.br/pagead/1p-conversion/867846157/?random=61995567&cv=11&fst=1775314151145&bg=ffffff&guid=ON&async=1&en=conversion&gtm=45be6411h1v880450157za200zd880450157xec&gcs=G110&gcd=13r3q3X3r7l1&dma=0&tag_exp=0~115938465~115938469~116991816~117384406&u_w=1920&u_h=1080&url=https%3A%2F%2Fwww.linkedin.com%2Ffeed%2F&ref=https%3A%2F%2Fwww.linkedin.com%2Fuas%2Flogin%3Fsession_redirect%3Dhttps%253A%252F%252Fwww.linkedin.com%252Ffeed%252F&label=jVDACOjG770BEI2Q6Z0D&capi=1&gtm_ee=1&frm=0&tiba=Feed%20%7...ICAAQABgAIAEyDAgEYggIABAAGAAgATIMCAdiCAgAEAAYACABMgwICGIICAAQABgAIAEyDAgJYggIABAAGAAgATIMCApiCAgAEAAYACABMgwIAmIICAAQABgAIAEyDAgLYggIABAAGAAgATIMCBViCAgAEAAYACABMgwIH2IICAAQABgAIAEyDAgTYggIABAAGAAgATIMCBJiCAgAEAAYACABOhlodHRwczovL3d3dy5saW5rZWRpbi5jb20vQlZDaEFJOE8zQ3pnWVE5NzYtdkxmV29ZQnFFaXdBbUtqcDFLaXlod0FxaEhrTVFVaVFMOVluTzJueHNlX3BPdmE4RDVvcTJNUGdZMk1WQXE5SXJjVEh1d2ICIAF6DAgJYggIABAAGAAgAYIBCXABiAEB4gEBAg&ezwbk=AZuM4hBjwVdpr7rL33bKXToF9-e23z1aRyh-ZVcsbd_Swhf3MS-zgOi51JVGJF8lZbtBv01D3xvk0QdOJ2fO6TSSdRtW' violates the following Content Security Policy directive: "connect-src 'self' *.licdn.com *.linkedin.com cdn.linkedin.oribi.io dpm.demdex.net/id lnkd.demdex.net blob: data: accounts.google.com/gsi/ www.google.com/recaptcha/ linkedin.sc.omtrdc.net/b/ss/ *.microsoft.com login.microsoftonline.com *.adnxs.com *.qualtrics.com *.xlgmedia.com collect.tealiumiq.com bat.bing.com www.googletagmanager.com www.googleadservices.com googleads.g.doubleclick.net www.google.com google.com adservice.google.com td.doubleclick.net pagead2.googlesyndication.com ad.doubleclick.net trkn.us *.licdn.cn". The action has been blocked. @ https://www.linkedin.com/feed/:0
[   10922ms] [LOG] %c EvalError
    at ml (https://client.protechts.net/PXdOjV695v/main.min.js:2:62526)
    at oo (https://client.protechts.net/PXdOjV695v/main.min.js:2:68148)
    at Hk (https://client.protechts.net/PXdOjV695v/main.min.js:2:217135)
    at Hi (https://client.protechts.net/PXdOjV695v/main.min.js:2:216858)
    at https://client.protechts.net/PXdOjV695v/main.min.js:2:218562
    at https://client.protechts.net/PXdOjV695v/main.min.js:2:218568
    at https://client.protechts.net/PXdOjV695v/main.min.js:2:219033 @ https://client.protechts.net/PXdOjV695v/main.min.js:1
[   10936ms] [LOG] %c EvalError
    at ml (https://client.protechts.net/PXdOjV695v/main.min.js:2:62526)
    at oo (https://client.protechts.net/PXdOjV695v/main.min.js:2:68148)
    at Hk (https://client.protechts.net/PXdOjV695v/main.min.js:2:217135)
    at Hi (https://client.protechts.net/PXdOjV695v/main.min.js:2:216858)
    at https://client.protechts.net/PXdOjV695v/main.min.js:2:218562
    at https://client.protechts.net/PXdOjV695v/main.min.js:2:218568
    at https://client.protechts.net/PXdOjV695v/main.min.js:2:219033 @ https://client.protechts.net/PXdOjV695v/main.min.js:1
[   11226ms] [ERROR] Connecting to 'https://www.google.com.br/pagead/1p-conversion/867846157/?random=61995567&cv=11&fst=1775314151145&bg=ffffff&guid=ON&async=1&en=conversion&gtm=45be6411h1v880450157za200zd880450157xec&gcs=G110&gcd=13r3q3X3r7l1&dma=0&tag_exp=0~115938465~115938469~116991816~117384406&u_w=1920&u_h=1080&url=https%3A%2F%2Fwww.linkedin.com%2Ffeed%2F&ref=https%3A%2F%2Fwww.linkedin.com%2Fuas%2Flogin%3Fsession_redirect%3Dhttps%253A%252F%252Fwww.linkedin.com%252Ffeed%252F&label=jVDACOjG770BEI2Q6Z0D&capi=1&gtm_ee=1&frm=0&tiba=Feed%20%7...ICAAQABgAIAEyDAgEYggIABAAGAAgATIMCAdiCAgAEAAYACABMgwICGIICAAQABgAIAEyDAgJYggIABAAGAAgATIMCApiCAgAEAAYACABMgwIAmIICAAQABgAIAEyDAgLYggIABAAGAAgATIMCBViCAgAEAAYACABMgwIH2IICAAQABgAIAEyDAgTYggIABAAGAAgATIMCBJiCAgAEAAYACABOhlodHRwczovL3d3dy5saW5rZWRpbi5jb20vQlZDaEFJOE8zQ3pnWVE5NzYtdkxmV29ZQnFFaXdBbUtqcDFLaXlod0FxaEhrTVFVaVFMOVluTzJueHNlX3BPdmE4RDVvcTJNUGdZMk1WQXE5SXJjVEh1d2ICIAF6DAgJYggIABAAGAAgAYIBCXABiAEB4gEBAg&ezwbk=AZuM4hC9xRyURc64xh8oXNFT2ARZhCfWJkfKuBkrxMs--JtbvEE2boLsUrbaJB2E0deO0WzkZ6uds0TZ2rH8hxC5kazJ' violates the following Content Security Policy directive: "connect-src 'self' *.licdn.com *.linkedin.com cdn.linkedin.oribi.io dpm.demdex.net/id lnkd.demdex.net blob: data: accounts.google.com/gsi/ www.google.com/recaptcha/ linkedin.sc.omtrdc.net/b/ss/ *.microsoft.com login.microsoftonline.com *.adnxs.com *.qualtrics.com *.xlgmedia.com collect.tealiumiq.com bat.bing.com www.googletagmanager.com www.googleadservices.com googleads.g.doubleclick.net www.google.com google.com adservice.google.com td.doubleclick.net pagead2.googlesyndication.com ad.doubleclick.net trkn.us *.licdn.cn". The action has been blocked. @ https://www.linkedin.com/feed/:0
[   11382ms] [ERROR] Failed to load resource: net::ERR_FAILED @ chrome-extension://invalid/:0
[   11396ms] [ERROR] Failed to load resource: the server responded with a status of 410 (Gone) @ https://ads.stickyadstv.com/user-matching?id=3661&_t=1775314152838:0
[   11507ms] [ERROR] Failed to load resource: net::ERR_FAILED @ chrome-extension://invalid/:0
[   11608ms] [ERROR] Failed to load resource: net::ERR_FAILED @ chrome-extension://invalid/:0
[   11689ms] [ERROR] Connecting to 'https://www.google.com.br/pagead/1p-conversion/851212376/?random=797176897&cv=11&fst=1775314152505&bg=ffffff&guid=ON&async=1&en=conversion&gtm=45be6411h1v9174922687za200zb880450157zd880450157xec&gcs=G110&gcd=13r3q3X3r7l1&dma=0&tag_exp=0~115616986~115938465~115938468~116991817~118131809&u_w=1920&u_h=1080&url=https%3A%2F%2Fwww.linkedin.com%2Ffeed%2F&ref=https%3A%2F%2Fwww.linkedin.com%2Fuas%2Flogin%3Fsession_redirect%3Dhttps%253A%252F%252Fwww.linkedin.com%252Ffeed%252F&label=6PyMCP6clYcbENjw8ZUD&capi=1&gtm_ee...ICAAQABgAIAEyDAgEYggIABAAGAAgATIMCAdiCAgAEAAYACABMgwICGIICAAQABgAIAEyDAgJYggIABAAGAAgATIMCApiCAgAEAAYACABMgwIAmIICAAQABgAIAEyDAgLYggIABAAGAAgATIMCBViCAgAEAAYACABMgwIH2IICAAQABgAIAEyDAgTYggIABAAGAAgATIMCBJiCAgAEAAYACABOhlodHRwczovL3d3dy5saW5rZWRpbi5jb20vQlZDaEFJOE8zQ3pnWVE5NzYtdkxmV29ZQnFFaXdBbUtqcDFGRnVTdkdqQ3ZwUm9vOTRmakZWcXJKNzMyX1lYbFFMQ3otS1Z6aHZ0QnJhcmQtRlVGVVpUd2ICIAF6DAgJYggIABAAGAAgAYIBCXABiAEB4gEBAg&ezwbk=AZuM4hBoZUoGVzOvv1QdUInF2j9CiokJOrsmBe934iAWRvEpHuVvJ2fVRrwHHHbIHRXhbuWrXB72VbEZqudFCTJQ8gwF' violates the following Content Security Policy directive: "connect-src 'self' *.licdn.com *.linkedin.com cdn.linkedin.oribi.io dpm.demdex.net/id lnkd.demdex.net blob: data: accounts.google.com/gsi/ www.google.com/recaptcha/ linkedin.sc.omtrdc.net/b/ss/ *.microsoft.com login.microsoftonline.com *.adnxs.com *.qualtrics.com *.xlgmedia.com collect.tealiumiq.com bat.bing.com www.googletagmanager.com www.googleadservices.com googleads.g.doubleclick.net www.google.com google.com adservice.google.com td.doubleclick.net pagead2.googlesyndication.com ad.doubleclick.net trkn.us *.licdn.cn". The action has been blocked. @ https://www.linkedin.com/feed/:0
[   11709ms] [ERROR] Failed to load resource: net::ERR_FAILED @ chrome-extension://invalid/:0
[   11809ms] [ERROR] Failed to load resource: net::ERR_FAILED @ chrome-extension://invalid/:0
[   11876ms] [ERROR] Connecting to 'https://www.google.com.br/pagead/1p-conversion/851212376/?random=797176897&cv=11&fst=1775314152505&bg=ffffff&guid=ON&async=1&en=conversion&gtm=45be6411h1v9174922687za200zb880450157zd880450157xec&gcs=G110&gcd=13r3q3X3r7l1&dma=0&tag_exp=0~115616986~115938465~115938468~116991817~118131809&u_w=1920&u_h=1080&url=https%3A%2F%2Fwww.linkedin.com%2Ffeed%2F&ref=https%3A%2F%2Fwww.linkedin.com%2Fuas%2Flogin%3Fsession_redirect%3Dhttps%253A%252F%252Fwww.linkedin.com%252Ffeed%252F&label=6PyMCP6clYcbENjw8ZUD&capi=1&gtm_ee...ICAAQABgAIAEyDAgEYggIABAAGAAgATIMCAdiCAgAEAAYACABMgwICGIICAAQABgAIAEyDAgJYggIABAAGAAgATIMCApiCAgAEAAYACABMgwIAmIICAAQABgAIAEyDAgLYggIABAAGAAgATIMCBViCAgAEAAYACABMgwIH2IICAAQABgAIAEyDAgTYggIABAAGAAgATIMCBJiCAgAEAAYACABOhlodHRwczovL3d3dy5saW5rZWRpbi5jb20vQlZDaEFJOE8zQ3pnWVE5NzYtdkxmV29ZQnFFaXdBbUtqcDFGRnVTdkdqQ3ZwUm9vOTRmakZWcXJKNzMyX1lYbFFMQ3otS1Z6aHZ0QnJhcmQtRlVGVVpUd2ICIAF6DAgJYggIABAAGAAgAYIBCXABiAEB4gEBAg&ezwbk=AZuM4hA-LuZWpbbAYOa19V6WES4-twwrJdn1z13IcGqxVAlTrrjFrjZu4KMvEehDK0OqQaPcTvheGSvOGaNKnJrMLTs1' violates the following Content Security Policy directive: "connect-src 'self' *.licdn.com *.linkedin.com cdn.linkedin.oribi.io dpm.demdex.net/id lnkd.demdex.net blob: data: accounts.google.com/gsi/ www.google.com/recaptcha/ linkedin.sc.omtrdc.net/b/ss/ *.microsoft.com login.microsoftonline.com *.adnxs.com *.qualtrics.com *.xlgmedia.com collect.tealiumiq.com bat.bing.com www.googletagmanager.com www.googleadservices.com googleads.g.doubleclick.net www.google.com google.com adservice.google.com td.doubleclick.net pagead2.googlesyndication.com ad.doubleclick.net trkn.us *.licdn.cn". The action has been blocked. @ https://www.linkedin.com/feed/:0
[   11910ms] [ERROR] Failed to load resource: net::ERR_FAILED @ chrome-extension://invalid/:0
[   12011ms] [ERROR] Failed to load resource: net::ERR_FAILED @ chrome-extension://invalid/:0
[   12111ms] [ERROR] Failed to load resource: net::ERR_FAILED @ chrome-extension://invalid/:0
[   12212ms] [ERROR] Failed to load resource: net::ERR_FAILED @ chrome-extension://invalid/:0
[   12313ms] [ERROR] Failed to load resource: net::ERR_FAILED @ chrome-extension://invalid/:0
[   12414ms] [ERROR] Failed to load resource: net::ERR_FAILED @ chrome-extension://invalid/:0
[   12514ms] [ERROR] Failed to load resource: net::ERR_FAILED @ chrome-extension://invalid/:0
[   12615ms] [ERROR] Failed to load resource: net::ERR_FAILED @ chrome-extension://invalid/:0
[   12716ms] [ERROR] Failed to load resource: net::ERR_FAILED @ chrome-extension://invalid/:0
[   12817ms] [ERROR] Failed to load resource: net::ERR_FAILED @ chrome-extension://invalid/:0
[   12917ms] [ERROR] Failed to load resource: net::ERR_FAILED @ chrome-extension://invalid/:0
[   13018ms] [ERROR] Failed to load resource: net::ERR_FAILED @ chrome-extension://invalid/:0
[   13119ms] [ERROR] Failed to load resource: net::ERR_FAILED @ chrome-extension://invalid/:0
[   13220ms] [ERROR] Failed to load resource: net::ERR_FAILED @ chrome-extension://invalid/:0
[   13320ms] [ERROR] Failed to load resource: net::ERR_FAILED @ chrome-extension://invalid/:0
[   13421ms] [ERROR] Failed to load resource: net::ERR_FAILED @ chrome-extension://invalid/:0
[   13522ms] [ERROR] Failed to load resource: net::ERR_FAILED @ chrome-extension://invalid/:0
[   13622ms] [ERROR] Failed to load resource: net::ERR_FAILED @ chrome-extension://invalid/:0
[   13723ms] [ERROR] Failed to load resource: net::ERR_FAILED @ chrome-extension://invalid/:0
[   13824ms] [ERROR] Failed to load resource: net::ERR_FAILED @ chrome-extension://invalid/:0
[   13925ms] [ERROR] Failed to load resource: net::ERR_FAILED @ chrome-extension://invalid/:0
[   14025ms] [ERROR] Failed to load resource: net::ERR_FAILED @ chrome-extension://invalid/:0
[   14126ms] [ERROR] Failed to load resource: net::ERR_FAILED @ chrome-extension://invalid/:0
[   14227ms] [ERROR] Failed to load resource: net::ERR_FAILED @ chrome-extension://invalid/:0
[   14328ms] [ERROR] Failed to load resource: net::ERR_FAILED @ chrome-extension://invalid/:0
[   14428ms] [ERROR] Failed to load resource: net::ERR_FAILED @ chrome-extension://invalid/:0
[   14529ms] [ERROR] Failed to load resource: net::ERR_FAILED @ chrome-extension://invalid/:0
[   14631ms] [ERROR] Failed to load resource: net::ERR_FAILED @ chrome-extension://invalid/:0
[   14732ms] [ERROR] Failed to load resource: net::ERR_FAILED @ chrome-extension://invalid/:0
[   14921ms] [ERROR] Failed to load resource: net::ERR_FAILED @ chrome-extension://invalid/:0
[   15029ms] [ERROR] Failed to load resource: net::ERR_FAILED @ chrome-extension://invalid/:0
[   15130ms] [ERROR] Failed to load resource: net::ERR_FAILED @ chrome-extension://invalid/:0
[   15231ms] [ERROR] Failed to load resource: net::ERR_FAILED @ chrome-extension://invalid/:0
[   15332ms] [ERROR] Failed to load resource: net::ERR_FAILED @ chrome-extension://invalid/:0
[   15433ms] [ERROR] Failed to load resource: net::ERR_FAILED @ chrome-extension://invalid/:0
[   15533ms] [ERROR] Failed to load resource: net::ERR_FAILED @ chrome-extension://invalid/:0
[   15634ms] [ERROR] Failed to load resource: net::ERR_FAILED @ chrome-extension://invalid/:0
[   15746ms] [ERROR] Failed to load resource: net::ERR_FAILED @ chrome-extension://invalid/:0
[   15846ms] [ERROR] Failed to load resource: net::ERR_FAILED @ chrome-extension://invalid/:0
[   15947ms] [ERROR] Failed to load resource: net::ERR_FAILED @ chrome-extension://invalid/:0
[   16048ms] [ERROR] Failed to load resource: net::ERR_FAILED @ chrome-extension://invalid/:0
[   16149ms] [ERROR] Failed to load resource: net::ERR_FAILED @ chrome-extension://invalid/:0
[   16250ms] [ERROR] Failed to load resource: net::ERR_FAILED @ chrome-extension://invalid/:0
[   16350ms] [ERROR] Failed to load resource: net::ERR_FAILED @ chrome-extension://invalid/:0
[   16451ms] [ERROR] Failed to load resource: net::ERR_FAILED @ chrome-extension://invalid/:0
[   16552ms] [ERROR] Failed to load resource: net::ERR_FAILED @ chrome-extension://invalid/:0
[   16653ms] [ERROR] Failed to load resource: net::ERR_FAILED @ chrome-extension://invalid/:0
[   16754ms] [ERROR] Failed to load resource: net::ERR_FAILED @ chrome-extension://invalid/:0
[   16856ms] [ERROR] Failed to load resource: net::ERR_FAILED @ chrome-extension://invalid/:0
[   16957ms] [ERROR] Failed to load resource: net::ERR_FAILED @ chrome-extension://invalid/:0
[   17057ms] [ERROR] Failed to load resource: net::ERR_FAILED @ chrome-extension://invalid/:0
[   17158ms] [ERROR] Failed to load resource: net::ERR_FAILED @ chrome-extension://invalid/:0
[   17259ms] [ERROR] Failed to load resource: net::ERR_FAILED @ chrome-extension://invalid/:0
[   17359ms] [ERROR] Failed to load resource: net::ERR_FAILED @ chrome-extension://invalid/:0
[   17451ms] [ERROR] TypeError: network error @ https://static.licdn.com/aero-v1/sc/h/chz0wee66axxwvysl0xusopqe:9767
[   17464ms] [ERROR] TypeError: network error @ https://static.licdn.com/aero-v1/sc/h/assets/vendor-DRK-hrBg.es.js:15
[   18022ms] [WARNING] BooleanExpression with operator "numericEquals" had an expression that evaluated to null on one side. @ https://static.licdn.com/aero-v1/sc/h/assets/sdui-Da9K0uTH.es.js:0
[   18022ms] [WARNING] BooleanExpression with operator "numericEquals" had an expression that evaluated to null on one side. @ https://static.licdn.com/aero-v1/sc/h/assets/sdui-Da9K0uTH.es.js:0
[   18025ms] [WARNING] BooleanExpression with operator "numericEquals" had an expression that evaluated to null on one side. @ https://static.licdn.com/aero-v1/sc/h/assets/sdui-Da9K0uTH.es.js:0
[   18025ms] [WARNING] BooleanExpression with operator "numericEquals" had an expression that evaluated to null on one side. @ https://static.licdn.com/aero-v1/sc/h/assets/sdui-Da9K0uTH.es.js:0
[   18043ms] [WARNING] BooleanExpression with operator "numericEquals" had an expression that evaluated to null on one side. @ https://static.licdn.com/aero-v1/sc/h/assets/sdui-Da9K0uTH.es.js:0
[   18043ms] [WARNING] BooleanExpression with operator "numericEquals" had an expression that evaluated to null on one side. @ https://static.licdn.com/aero-v1/sc/h/assets/sdui-Da9K0uTH.es.js:0
[   18044ms] [WARNING] BooleanExpression with operator "numericEquals" had an expression that evaluated to null on one side. @ https://static.licdn.com/aero-v1/sc/h/assets/sdui-Da9K0uTH.es.js:0
[   18044ms] [WARNING] BooleanExpression with operator "numericEquals" had an expression that evaluated to null on one side. @ https://static.licdn.com/aero-v1/sc/h/assets/sdui-Da9K0uTH.es.js:0
[   18049ms] [WARNING] BooleanExpression with operator "stringEquals" had an expression that evaluated to null on one side. @ https://static.licdn.com/aero-v1/sc/h/assets/sdui-Da9K0uTH.es.js:0
[   18049ms] [WARNING] BooleanExpression with operator "or" had an expression that evaluated to null on one side. @ https://static.licdn.com/aero-v1/sc/h/assets/sdui-Da9K0uTH.es.js:0
[   18049ms] [WARNING] BooleanExpression with operator "not" had an expression that evaluated to null on one side. @ https://static.licdn.com/aero-v1/sc/h/assets/sdui-Da9K0uTH.es.js:0
[   18049ms] [WARNING] BooleanExpression with operator "and" had an expression that evaluated to null on one side. @ https://static.licdn.com/aero-v1/sc/h/assets/sdui-Da9K0uTH.es.js:0
[   18050ms] [WARNING] BooleanExpression with operator "stringEquals" had an expression that evaluated to null on one side. @ https://static.licdn.com/aero-v1/sc/h/assets/sdui-Da9K0uTH.es.js:0
[   18050ms] [WARNING] BooleanExpression with operator "or" had an expression that evaluated to null on one side. @ https://static.licdn.com/aero-v1/sc/h/assets/sdui-Da9K0uTH.es.js:0
[   18050ms] [WARNING] BooleanExpression with operator "not" had an expression that evaluated to null on one side. @ https://static.licdn.com/aero-v1/sc/h/assets/sdui-Da9K0uTH.es.js:0
[   18050ms] [WARNING] BooleanExpression with operator "and" had an expression that evaluated to null on one side. @ https://static.licdn.com/aero-v1/sc/h/assets/sdui-Da9K0uTH.es.js:0
[   18061ms] [WARNING] BooleanExpression with operator "stringEquals" had an expression that evaluated to null on one side. @ https://static.licdn.com/aero-v1/sc/h/assets/sdui-Da9K0uTH.es.js:0
[   18061ms] [WARNING] BooleanExpression with operator "stringEquals" had an expression that evaluated to null on one side. @ https://static.licdn.com/aero-v1/sc/h/assets/sdui-Da9K0uTH.es.js:0
[   18061ms] [WARNING] BooleanExpression with operator "stringEquals" had an expression that evaluated to null on one side. @ https://static.licdn.com/aero-v1/sc/h/assets/sdui-Da9K0uTH.es.js:0
[   18061ms] [WARNING] BooleanExpression with operator "stringEquals" had an expression that evaluated to null on one side. @ https://static.licdn.com/aero-v1/sc/h/assets/sdui-Da9K0uTH.es.js:0
[   18065ms] [WARNING] BooleanExpression with operator "numericGreaterThan" had an expression that evaluated to null on one side. @ https://static.licdn.com/aero-v1/sc/h/assets/sdui-Da9K0uTH.es.js:0
[   18065ms] [WARNING] BooleanExpression with operator "numericGreaterThan" had an expression that evaluated to null on one side. @ https://static.licdn.com/aero-v1/sc/h/assets/sdui-Da9K0uTH.es.js:0
[   18075ms] [WARNING] BooleanExpression with operator "numericGreaterThan" had an expression that evaluated to null on one side. @ https://static.licdn.com/aero-v1/sc/h/assets/sdui-Da9K0uTH.es.js:0
[   18075ms] [WARNING] BooleanExpression with operator "numericGreaterThan" had an expression that evaluated to null on one side. @ https://static.licdn.com/aero-v1/sc/h/assets/sdui-Da9K0uTH.es.js:0
[   18087ms] [WARNING] BooleanExpression with operator "numericGreaterThan" had an expression that evaluated to null on one side. @ https://static.licdn.com/aero-v1/sc/h/assets/sdui-Da9K0uTH.es.js:0
[   18087ms] [WARNING] BooleanExpression with operator "numericGreaterThan" had an expression that evaluated to null on one side. @ https://static.licdn.com/aero-v1/sc/h/assets/sdui-Da9K0uTH.es.js:0
[   18119ms] Error: Minified React error #418; visit https://react.dev/errors/418?args[]= for the full message or use the non-minified dev environment for full errors and additional helpful warnings.
    at ab (https://static.licdn.com/aero-v1/sc/h/assets/vendor-DRK-hrBg.es.js:1:78357)
    at lL (https://static.licdn.com/aero-v1/sc/h/assets/vendor-DRK-hrBg.es.js:1:127067)
    at db (https://static.licdn.com/aero-v1/sc/h/assets/vendor-DRK-hrBg.es.js:1:170587)
    at dv (https://static.licdn.com/aero-v1/sc/h/assets/vendor-DRK-hrBg.es.js:1:170557)
    at dy (https://static.licdn.com/aero-v1/sc/h/assets/vendor-DRK-hrBg.es.js:1:170413)
    at u4 (https://static.licdn.com/aero-v1/sc/h/assets/vendor-DRK-hrBg.es.js:1:165829)
    at dq (https://static.licdn.com/aero-v1/sc/h/assets/vendor-DRK-hrBg.es.js:1:176718)
    at MessagePort.eF (https://static.licdn.com/aero-v1/sc/h/assets/vendor-DRK-hrBg.es.js:1:34436)
[   18155ms] [WARNING] BooleanExpression with operator "numericGreaterThan" had an expression that evaluated to null on one side. @ https://static.licdn.com/aero-v1/sc/h/assets/sdui-Da9K0uTH.es.js:0
[   18155ms] [WARNING] BooleanExpression with operator "numericGreaterThan" had an expression that evaluated to null on one side. @ https://static.licdn.com/aero-v1/sc/h/assets/sdui-Da9K0uTH.es.js:0
[   18174ms] [WARNING] BooleanExpression with operator "numericGreaterThan" had an expression that evaluated to null on one side. @ https://static.licdn.com/aero-v1/sc/h/assets/sdui-Da9K0uTH.es.js:0
[   18174ms] [WARNING] BooleanExpression with operator "numericGreaterThan" had an expression that evaluated to null on one side. @ https://static.licdn.com/aero-v1/sc/h/assets/sdui-Da9K0uTH.es.js:0
[   18187ms] [WARNING] BooleanExpression with operator "numericGreaterThan" had an expression that evaluated to null on one side. @ https://static.licdn.com/aero-v1/sc/h/assets/sdui-Da9K0uTH.es.js:0
[   18187ms] [WARNING] BooleanExpression with operator "numericGreaterThan" had an expression that evaluated to null on one side. @ https://static.licdn.com/aero-v1/sc/h/assets/sdui-Da9K0uTH.es.js:0
[   18292ms] [WARNING] BooleanExpression with operator "numericGreaterThan" had an expression that evaluated to null on one side. @ https://static.licdn.com/aero-v1/sc/h/assets/sdui-Da9K0uTH.es.js:0
[   19697ms] [ERROR] Connecting to 'https://www.google.com.br/pagead/1p-conversion/867846157/?random=720813714&cv=11&fst=1775314160367&bg=ffffff&guid=ON&async=1&en=conversion&gtm=45be6411h1v880450157za200zd880450157xec&gcs=G110&gcd=13r3q3X3r7l1&dma=0&tag_exp=0~115938466~115938469~116991817~117266400~118128923&u_w=1920&u_h=1080&url=https%3A%2F%2Fwww.linkedin.com%2Ffeed%2F&ref=https%3A%2F%2Fwww.linkedin.com%2Fuas%2Flogin%3Fsession_redirect%3Dhttps%253A%252F%252Fwww.linkedin.com%252Ffeed%252F&label=jVDACOjG770BEI2Q6Z0D&capi=1&gtm_ee=1&frm=0&tib...ICAAQABgAIAEyDAgEYggIABAAGAAgATIMCAdiCAgAEAAYACABMgwICGIICAAQABgAIAEyDAgJYggIABAAGAAgATIMCApiCAgAEAAYACABMgwIAmIICAAQABgAIAEyDAgLYggIABAAGAAgATIMCBViCAgAEAAYACABMgwIH2IICAAQABgAIAEyDAgTYggIABAAGAAgATIMCBJiCAgAEAAYACABOhlodHRwczovL3d3dy5saW5rZWRpbi5jb20vQlZDaEFJOE8zQ3pnWVE5NzYtdkxmV29ZQnFFaXdBbUtqcDFMUDFib0VZVU1uMmJkNFNzMGpZbWNMcDBMX08zdzdyVVFvclBIWlhLOUwwdy05WGNXcWVhQWICIAF6DAgJYggIABAAGAAgAYIBCXABiAEB4gEBAg&ezwbk=AZuM4hCw5-qP526U1_MLQbZf7OWTYHlpMKVtzB0S4uiKeiwowP18Y87hRKjHmooiYhcHehTHAsPlpj0x4phpvb-IHwjw' violates the following Content Security Policy directive: "connect-src 'self' *.licdn.com *.linkedin.com cdn.linkedin.oribi.io dpm.demdex.net/id lnkd.demdex.net blob: data: accounts.google.com/gsi/ www.google.com/recaptcha/ linkedin.sc.omtrdc.net/b/ss/ *.microsoft.com login.microsoftonline.com *.adnxs.com *.qualtrics.com *.xlgmedia.com collect.tealiumiq.com bat.bing.com www.googletagmanager.com www.googleadservices.com googleads.g.doubleclick.net www.google.com google.com adservice.google.com td.doubleclick.net pagead2.googlesyndication.com ad.doubleclick.net trkn.us *.licdn.cn". The action has been blocked. @ https://www.linkedin.com/feed/:0
[   19714ms] [WARNING] BooleanExpression with operator "numericGreaterThan" had an expression that evaluated to null on one side. @ https://static.licdn.com/aero-v1/sc/h/assets/sdui-Da9K0uTH.es.js:0
[   19714ms] [WARNING] BooleanExpression with operator "numericGreaterThan" had an expression that evaluated to null on one side. @ https://static.licdn.com/aero-v1/sc/h/assets/sdui-Da9K0uTH.es.js:0
[   19727ms] [ERROR] Connecting to 'https://www.google.com.br/pagead/1p-conversion/851212376/?random=1213821711&cv=11&fst=1775314160413&bg=ffffff&guid=ON&async=1&en=conversion&gtm=45be6411h1v9174922687za200zb880450157zd880450157xec&gcs=G110&gcd=13r3q3X3r7l1&dma=0&tag_exp=0~115938466~115938468~116991816~117266401~118131808&u_w=1920&u_h=1080&url=https%3A%2F%2Fwww.linkedin.com%2Ffeed%2F&ref=https%3A%2F%2Fwww.linkedin.com%2Fuas%2Flogin%3Fsession_redirect%3Dhttps%253A%252F%252Fwww.linkedin.com%252Ffeed%252F&label=6PyMCP6clYcbENjw8ZUD&capi=1&gtm_e...ICAAQABgAIAEyDAgEYggIABAAGAAgATIMCAdiCAgAEAAYACABMgwICGIICAAQABgAIAEyDAgJYggIABAAGAAgATIMCApiCAgAEAAYACABMgwIAmIICAAQABgAIAEyDAgLYggIABAAGAAgATIMCBViCAgAEAAYACABMgwIH2IICAAQABgAIAEyDAgTYggIABAAGAAgATIMCBJiCAgAEAAYACABOhlodHRwczovL3d3dy5saW5rZWRpbi5jb20vQlZDaEFJOE8zQ3pnWVE5NzYtdkxmV29ZQnFFaXdBbUtqcDFIZ2t0N0FwN21aVEtreVR6bXBCenl5TjdfSkhoaUxIZEdUbnBwTjF3WUFxTDg3aDJGRUlKQWICIAF6DAgJYggIABAAGAAgAYIBCXABiAEB4gEBAg&ezwbk=AZuM4hB-WwOEyz6cH4l8fmL6ZEU6OlajdFXUQdS3f65bHDSF3hG8acaObNqqsS2NkKU6iRO80w7sZTPYq0SzIlVKJHOF' violates the following Content Security Policy directive: "connect-src 'self' *.licdn.com *.linkedin.com cdn.linkedin.oribi.io dpm.demdex.net/id lnkd.demdex.net blob: data: accounts.google.com/gsi/ www.google.com/recaptcha/ linkedin.sc.omtrdc.net/b/ss/ *.microsoft.com login.microsoftonline.com *.adnxs.com *.qualtrics.com *.xlgmedia.com collect.tealiumiq.com bat.bing.com www.googletagmanager.com www.googleadservices.com googleads.g.doubleclick.net www.google.com google.com adservice.google.com td.doubleclick.net pagead2.googlesyndication.com ad.doubleclick.net trkn.us *.licdn.cn". The action has been blocked. @ https://www.linkedin.com/feed/:0
[   19750ms] [WARNING] BooleanExpression with operator "numericGreaterThan" had an expression that evaluated to null on one side. @ https://static.licdn.com/aero-v1/sc/h/assets/sdui-Da9K0uTH.es.js:0
[   19750ms] [WARNING] BooleanExpression with operator "numericGreaterThan" had an expression that evaluated to null on one side. @ https://static.licdn.com/aero-v1/sc/h/assets/sdui-Da9K0uTH.es.js:0
[   20032ms] [WARNING] BooleanExpression with operator "numericGreaterThan" had an expression that evaluated to null on one side. @ https://static.licdn.com/aero-v1/sc/h/assets/sdui-Da9K0uTH.es.js:0
[   20032ms] [WARNING] BooleanExpression with operator "numericGreaterThan" had an expression that evaluated to null on one side. @ https://static.licdn.com/aero-v1/sc/h/assets/sdui-Da9K0uTH.es.js:0
[   20040ms] [WARNING] BooleanExpression with operator "numericGreaterThan" had an expression that evaluated to null on one side. @ https://static.licdn.com/aero-v1/sc/h/assets/sdui-Da9K0uTH.es.js:0
[   20040ms] [WARNING] BooleanExpression with operator "numericGreaterThan" had an expression that evaluated to null on one side. @ https://static.licdn.com/aero-v1/sc/h/assets/sdui-Da9K0uTH.es.js:0
[   20042ms] [WARNING] BooleanExpression with operator "numericGreaterThan" had an expression that evaluated to null on one side. @ https://static.licdn.com/aero-v1/sc/h/assets/sdui-Da9K0uTH.es.js:0
[   20042ms] [WARNING] BooleanExpression with operator "numericGreaterThan" had an expression that evaluated to null on one side. @ https://static.licdn.com/aero-v1/sc/h/assets/sdui-Da9K0uTH.es.js:0
[   20060ms] [WARNING] BooleanExpression with operator "numericGreaterThan" had an expression that evaluated to null on one side. @ https://static.licdn.com/aero-v1/sc/h/assets/sdui-Da9K0uTH.es.js:0
[   20060ms] [WARNING] BooleanExpression with operator "numericGreaterThan" had an expression that evaluated to null on one side. @ https://static.licdn.com/aero-v1/sc/h/assets/sdui-Da9K0uTH.es.js:0
[   20080ms] [WARNING] BooleanExpression with operator "numericGreaterThan" had an expression that evaluated to null on one side. @ https://static.licdn.com/aero-v1/sc/h/assets/sdui-Da9K0uTH.es.js:0
[   20080ms] [WARNING] BooleanExpression with operator "numericGreaterThan" had an expression that evaluated to null on one side. @ https://static.licdn.com/aero-v1/sc/h/assets/sdui-Da9K0uTH.es.js:0
[   20186ms] [ERROR] Connecting to 'https://www.google.com.br/pagead/1p-conversion/867846157/?random=720813714&cv=11&fst=1775314160367&bg=ffffff&guid=ON&async=1&en=conversion&gtm=45be6411h1v880450157za200zd880450157xec&gcs=G110&gcd=13r3q3X3r7l1&dma=0&tag_exp=0~115938466~115938469~116991817~117266400~118128923&u_w=1920&u_h=1080&url=https%3A%2F%2Fwww.linkedin.com%2Ffeed%2F&ref=https%3A%2F%2Fwww.linkedin.com%2Fuas%2Flogin%3Fsession_redirect%3Dhttps%253A%252F%252Fwww.linkedin.com%252Ffeed%252F&label=jVDACOjG770BEI2Q6Z0D&capi=1&gtm_ee=1&frm=0&tib...ICAAQABgAIAEyDAgEYggIABAAGAAgATIMCAdiCAgAEAAYACABMgwICGIICAAQABgAIAEyDAgJYggIABAAGAAgATIMCApiCAgAEAAYACABMgwIAmIICAAQABgAIAEyDAgLYggIABAAGAAgATIMCBViCAgAEAAYACABMgwIH2IICAAQABgAIAEyDAgTYggIABAAGAAgATIMCBJiCAgAEAAYACABOhlodHRwczovL3d3dy5saW5rZWRpbi5jb20vQlZDaEFJOE8zQ3pnWVE5NzYtdkxmV29ZQnFFaXdBbUtqcDFMUDFib0VZVU1uMmJkNFNzMGpZbWNMcDBMX08zdzdyVVFvclBIWlhLOUwwdy05WGNXcWVhQWICIAF6DAgJYggIABAAGAAgAYIBCXABiAEB4gEBAg&ezwbk=AZuM4hAN8j8u7G3DYiHzc_t4SPZ4Xw6rShaMJO1InPRNnyENz1C7PfuGdsF7Uu7GkpEp8IbLXkjgfm5oL0C7yCAS2N2-' violates the following Content Security Policy directive: "connect-src 'self' *.licdn.com *.linkedin.com cdn.linkedin.oribi.io dpm.demdex.net/id lnkd.demdex.net blob: data: accounts.google.com/gsi/ www.google.com/recaptcha/ linkedin.sc.omtrdc.net/b/ss/ *.microsoft.com login.microsoftonline.com *.adnxs.com *.qualtrics.com *.xlgmedia.com collect.tealiumiq.com bat.bing.com www.googletagmanager.com www.googleadservices.com googleads.g.doubleclick.net www.google.com google.com adservice.google.com td.doubleclick.net pagead2.googlesyndication.com ad.doubleclick.net trkn.us *.licdn.cn". The action has been blocked. @ https://www.linkedin.com/feed/:0
[   20186ms] [ERROR] Connecting to 'https://www.google.com.br/pagead/1p-conversion/851212376/?random=1213821711&cv=11&fst=1775314160413&bg=ffffff&guid=ON&async=1&en=conversion&gtm=45be6411h1v9174922687za200zb880450157zd880450157xec&gcs=G110&gcd=13r3q3X3r7l1&dma=0&tag_exp=0~115938466~115938468~116991816~117266401~118131808&u_w=1920&u_h=1080&url=https%3A%2F%2Fwww.linkedin.com%2Ffeed%2F&ref=https%3A%2F%2Fwww.linkedin.com%2Fuas%2Flogin%3Fsession_redirect%3Dhttps%253A%252F%252Fwww.linkedin.com%252Ffeed%252F&label=6PyMCP6clYcbENjw8ZUD&capi=1&gtm_e...ICAAQABgAIAEyDAgEYggIABAAGAAgATIMCAdiCAgAEAAYACABMgwICGIICAAQABgAIAEyDAgJYggIABAAGAAgATIMCApiCAgAEAAYACABMgwIAmIICAAQABgAIAEyDAgLYggIABAAGAAgATIMCBViCAgAEAAYACABMgwIH2IICAAQABgAIAEyDAgTYggIABAAGAAgATIMCBJiCAgAEAAYACABOhlodHRwczovL3d3dy5saW5rZWRpbi5jb20vQlZDaEFJOE8zQ3pnWVE5NzYtdkxmV29ZQnFFaXdBbUtqcDFIZ2t0N0FwN21aVEtreVR6bXBCenl5TjdfSkhoaUxIZEdUbnBwTjF3WUFxTDg3aDJGRUlKQWICIAF6DAgJYggIABAAGAAgAYIBCXABiAEB4gEBAg&ezwbk=AZuM4hBMyALA6koOTK3i7C9M7hivuDmkePap9SLeY5uHOhdA8C_H20Q1YByq6vayuasgX1RvJ089oFgX4DnstMwhUzY0' violates the following Content Security Policy directive: "connect-src 'self' *.licdn.com *.linkedin.com cdn.linkedin.oribi.io dpm.demdex.net/id lnkd.demdex.net blob: data: accounts.google.com/gsi/ www.google.com/recaptcha/ linkedin.sc.omtrdc.net/b/ss/ *.microsoft.com login.microsoftonline.com *.adnxs.com *.qualtrics.com *.xlgmedia.com collect.tealiumiq.com bat.bing.com www.googletagmanager.com www.googleadservices.com googleads.g.doubleclick.net www.google.com google.com adservice.google.com td.doubleclick.net pagead2.googlesyndication.com ad.doubleclick.net trkn.us *.licdn.cn". The action has been blocked. @ https://www.linkedin.com/feed/:0
[   20536ms] [ERROR] Failed to load resource: net::ERR_FAILED @ chrome-extension://invalid/:0
[   20561ms] [LOG] %c EvalError
    at ml (https://client.protechts.net/PXdOjV695v/main.min.js:2:62526)
    at oo (https://client.protechts.net/PXdOjV695v/main.min.js:2:68148)
    at Hk (https://client.protechts.net/PXdOjV695v/main.min.js:2:217135)
    at Hi (https://client.protechts.net/PXdOjV695v/main.min.js:2:216858)
    at https://client.protechts.net/PXdOjV695v/main.min.js:2:218562
    at https://client.protechts.net/PXdOjV695v/main.min.js:2:218568
    at https://client.protechts.net/PXdOjV695v/main.min.js:2:219033 @ https://client.protechts.net/PXdOjV695v/main.min.js:1
[   20573ms] [LOG] %c EvalError
    at ml (https://client.protechts.net/PXdOjV695v/main.min.js:2:62526)
    at oo (https://client.protechts.net/PXdOjV695v/main.min.js:2:68148)
    at Hk (https://client.protechts.net/PXdOjV695v/main.min.js:2:217135)
    at Hi (https://client.protechts.net/PXdOjV695v/main.min.js:2:216858)
    at https://client.protechts.net/PXdOjV695v/main.min.js:2:218562
    at https://client.protechts.net/PXdOjV695v/main.min.js:2:218568
    at https://client.protechts.net/PXdOjV695v/main.min.js:2:219033 @ https://client.protechts.net/PXdOjV695v/main.min.js:1
[   20726ms] [ERROR] Failed to load resource: net::ERR_FAILED @ chrome-extension://invalid/:0
[   20857ms] [ERROR] Failed to load resource: net::ERR_FAILED @ chrome-extension://invalid/:0
[   20899ms] [ERROR] Failed to load resource: the server responded with a status of 410 (Gone) @ https://ads.stickyadstv.com/user-matching?id=3661&_t=1775314162340:0
[   20958ms] [ERROR] Failed to load resource: net::ERR_FAILED @ chrome-extension://invalid/:0
[   21087ms] [ERROR] Failed to load resource: net::ERR_FAILED @ chrome-extension://invalid/:0
[   21199ms] [ERROR] Failed to load resource: net::ERR_FAILED @ chrome-extension://invalid/:0
[   21311ms] [ERROR] Failed to load resource: net::ERR_FAILED @ chrome-extension://invalid/:0
[   21412ms] [ERROR] Failed to load resource: net::ERR_FAILED @ chrome-extension://invalid/:0
[   21513ms] [ERROR] Failed to load resource: net::ERR_FAILED @ chrome-extension://invalid/:0
[   21614ms] [ERROR] Failed to load resource: net::ERR_FAILED @ chrome-extension://invalid/:0
[   21715ms] [ERROR] Failed to load resource: net::ERR_FAILED @ chrome-extension://invalid/:0
[   21816ms] [ERROR] Failed to load resource: net::ERR_FAILED @ chrome-extension://invalid/:0
[   21916ms] [ERROR] Failed to load resource: net::ERR_FAILED @ chrome-extension://invalid/:0
[   22017ms] [ERROR] Failed to load resource: net::ERR_FAILED @ chrome-extension://invalid/:0
[   22118ms] [ERROR] Failed to load resource: net::ERR_FAILED @ chrome-extension://invalid/:0
[   22219ms] [ERROR] Failed to load resource: net::ERR_FAILED @ chrome-extension://invalid/:0
[   22320ms] [ERROR] Failed to load resource: net::ERR_FAILED @ chrome-extension://invalid/:0
[   22421ms] [ERROR] Failed to load resource: net::ERR_FAILED @ chrome-extension://invalid/:0
[   22598ms] [ERROR] Failed to load resource: net::ERR_FAILED @ chrome-extension://invalid/:0
[   22699ms] [ERROR] Failed to load resource: net::ERR_FAILED @ chrome-extension://invalid/:0
[   22799ms] [ERROR] Failed to load resource: net::ERR_FAILED @ chrome-extension://invalid/:0
[   22900ms] [ERROR] Failed to load resource: net::ERR_FAILED @ chrome-extension://invalid/:0
[   23001ms] [ERROR] Failed to load resource: net::ERR_FAILED @ chrome-extension://invalid/:0
[   23102ms] [ERROR] Failed to load resource: net::ERR_FAILED @ chrome-extension://invalid/:0
[   23203ms] [ERROR] Failed to load resource: net::ERR_FAILED @ chrome-extension://invalid/:0
[   23304ms] [ERROR] Failed to load resource: net::ERR_FAILED @ chrome-extension://invalid/:0
[   23405ms] [ERROR] Failed to load resource: net::ERR_FAILED @ chrome-extension://invalid/:0
[   23506ms] [ERROR] Failed to load resource: net::ERR_FAILED @ chrome-extension://invalid/:0
[   23607ms] [ERROR] Failed to load resource: net::ERR_FAILED @ chrome-extension://invalid/:0
[   23707ms] [ERROR] Failed to load resource: net::ERR_FAILED @ chrome-extension://invalid/:0
[   23808ms] [ERROR] Failed to load resource: net::ERR_FAILED @ chrome-extension://invalid/:0
[   23910ms] [ERROR] Failed to load resource: net::ERR_FAILED @ chrome-extension://invalid/:0
[   24011ms] [ERROR] Failed to load resource: net::ERR_FAILED @ chrome-extension://invalid/:0
[   24111ms] [ERROR] Failed to load resource: net::ERR_FAILED @ chrome-extension://invalid/:0
[   24212ms] [ERROR] Failed to load resource: net::ERR_FAILED @ chrome-extension://invalid/:0
[   24313ms] [ERROR] Failed to load resource: net::ERR_FAILED @ chrome-extension://invalid/:0
[   24414ms] [ERROR] Failed to load resource: net::ERR_FAILED @ chrome-extension://invalid/:0
[   24515ms] [ERROR] Failed to load resource: net::ERR_FAILED @ chrome-extension://invalid/:0
[   24616ms] [ERROR] Failed to load resource: net::ERR_FAILED @ chrome-extension://invalid/:0
[   24718ms] [ERROR] Failed to load resource: net::ERR_FAILED @ chrome-extension://invalid/:0
[   24819ms] [ERROR] Failed to load resource: net::ERR_FAILED @ chrome-extension://invalid/:0
[   24919ms] [ERROR] Failed to load resource: net::ERR_FAILED @ chrome-extension://invalid/:0
[   25020ms] [ERROR] Failed to load resource: net::ERR_FAILED @ chrome-extension://invalid/:0
[   25120ms] [ERROR] Failed to load resource: net::ERR_FAILED @ chrome-extension://invalid/:0
[   25221ms] [ERROR] Failed to load resource: net::ERR_FAILED @ chrome-extension://invalid/:0
[   25322ms] [ERROR] Failed to load resource: net::ERR_FAILED @ chrome-extension://invalid/:0
[   25423ms] [ERROR] Failed to load resource: net::ERR_FAILED @ chrome-extension://invalid/:0
[   25524ms] [ERROR] Failed to load resource: net::ERR_FAILED @ chrome-extension://invalid/:0
[   25625ms] [ERROR] Failed to load resource: net::ERR_FAILED @ chrome-extension://invalid/:0
[   25725ms] [ERROR] Failed to load resource: net::ERR_FAILED @ chrome-extension://invalid/:0
[   25826ms] [ERROR] Failed to load resource: net::ERR_FAILED @ chrome-extension://invalid/:0
[   25927ms] [ERROR] Failed to load resource: net::ERR_FAILED @ chrome-extension://invalid/:0
[   26027ms] [ERROR] Failed to load resource: net::ERR_FAILED @ chrome-extension://invalid/:0
[   26134ms] [ERROR] Failed to load resource: net::ERR_FAILED @ chrome-extension://invalid/:0
[   26237ms] [ERROR] Failed to load resource: net::ERR_FAILED @ chrome-extension://invalid/:0
[   26338ms] [ERROR] Failed to load resource: net::ERR_FAILED @ chrome-extension://invalid/:0
[   26439ms] [ERROR] Failed to load resource: net::ERR_FAILED @ chrome-extension://invalid/:0
[   26540ms] [ERROR] Failed to load resource: net::ERR_FAILED @ chrome-extension://invalid/:0
[   26641ms] [ERROR] Failed to load resource: net::ERR_FAILED @ chrome-extension://invalid/:0
[   26741ms] [ERROR] Failed to load resource: net::ERR_FAILED @ chrome-extension://invalid/:0
[   26842ms] [ERROR] Failed to load resource: net::ERR_FAILED @ chrome-extension://invalid/:0
[   26943ms] [ERROR] Failed to load resource: net::ERR_FAILED @ chrome-extension://invalid/:0
[   27044ms] [ERROR] Failed to load resource: net::ERR_FAILED @ chrome-extension://invalid/:0
[   27145ms] [ERROR] Failed to load resource: net::ERR_FAILED @ chrome-extension://invalid/:0
[   27245ms] [ERROR] Failed to load resource: net::ERR_FAILED @ chrome-extension://invalid/:0
[   27346ms] [ERROR] Failed to load resource: net::ERR_FAILED @ chrome-extension://invalid/:0
[   27447ms] [ERROR] Failed to load resource: net::ERR_FAILED @ chrome-extension://invalid/:0
[   27549ms] [ERROR] Failed to load resource: net::ERR_FAILED @ chrome-extension://invalid/:0
[   27649ms] [ERROR] Failed to load resource: net::ERR_FAILED @ chrome-extension://invalid/:0
[   27750ms] [ERROR] Failed to load resource: net::ERR_FAILED @ chrome-extension://invalid/:0
[   27851ms] [ERROR] Failed to load resource: net::ERR_FAILED @ chrome-extension://invalid/:0
[   27952ms] [ERROR] Failed to load resource: net::ERR_FAILED @ chrome-extension://invalid/:0
[   28053ms] [ERROR] Failed to load resource: net::ERR_FAILED @ chrome-extension://invalid/:0
[   28153ms] [ERROR] Failed to load resource: net::ERR_FAILED @ chrome-extension://invalid/:0
[   28254ms] [ERROR] Failed to load resource: net::ERR_FAILED @ chrome-extension://invalid/:0
[   28355ms] [ERROR] Failed to load resource: net::ERR_FAILED @ chrome-extension://invalid/:0
[   28456ms] [ERROR] Failed to load resource: net::ERR_FAILED @ chrome-extension://invalid/:0
[   28558ms] [ERROR] Failed to load resource: net::ERR_FAILED @ chrome-extension://invalid/:0
[   28658ms] [ERROR] Failed to load resource: net::ERR_FAILED @ chrome-extension://invalid/:0
[   28759ms] [ERROR] Failed to load resource: net::ERR_FAILED @ chrome-extension://invalid/:0
[   28860ms] [ERROR] Failed to load resource: net::ERR_FAILED @ chrome-extension://invalid/:0
[   28961ms] [ERROR] Failed to load resource: net::ERR_FAILED @ chrome-extension://invalid/:0
[   29062ms] [ERROR] Failed to load resource: net::ERR_FAILED @ chrome-extension://invalid/:0
[   29163ms] [ERROR] Failed to load resource: net::ERR_FAILED @ chrome-extension://invalid/:0
[   29263ms] [ERROR] Failed to load resource: net::ERR_FAILED @ chrome-extension://invalid/:0
[   29364ms] [ERROR] Failed to load resource: net::ERR_FAILED @ chrome-extension://invalid/:0
[   29465ms] [ERROR] Failed to load resource: net::ERR_FAILED @ chrome-extension://invalid/:0
[   29566ms] [ERROR] Failed to load resource: net::ERR_FAILED @ chrome-extension://invalid/:0
[   29667ms] [ERROR] Failed to load resource: net::ERR_FAILED @ chrome-extension://invalid/:0
[   29767ms] [ERROR] Failed to load resource: net::ERR_FAILED @ chrome-extension://invalid/:0
[   29868ms] [ERROR] Failed to load resource: net::ERR_FAILED @ chrome-extension://invalid/:0
[   29969ms] [ERROR] Failed to load resource: net::ERR_FAILED @ chrome-extension://invalid/:0
[   30070ms] [ERROR] Failed to load resource: net::ERR_FAILED @ chrome-extension://invalid/:0
[   30170ms] [ERROR] Failed to load resource: net::ERR_FAILED @ chrome-extension://invalid/:0
[   30271ms] [ERROR] Failed to load resource: net::ERR_FAILED @ chrome-extension://invalid/:0
[   30372ms] [ERROR] Failed to load resource: net::ERR_FAILED @ chrome-extension://invalid/:0
[   30473ms] [ERROR] Failed to load resource: net::ERR_FAILED @ chrome-extension://invalid/:0
[   30573ms] [ERROR] Failed to load resource: net::ERR_FAILED @ chrome-extension://invalid/:0
[   30674ms] [ERROR] Failed to load resource: net::ERR_FAILED @ chrome-extension://invalid/:0
[   30775ms] [ERROR] Failed to load resource: net::ERR_FAILED @ chrome-extension://invalid/:0
[   30875ms] [ERROR] Failed to load resource: net::ERR_FAILED @ chrome-extension://invalid/:0
[   30976ms] [ERROR] Failed to load resource: net::ERR_FAILED @ chrome-extension://invalid/:0
[   31077ms] [ERROR] Failed to load resource: net::ERR_FAILED @ chrome-extension://invalid/:0
[   31177ms] [ERROR] Failed to load resource: net::ERR_FAILED @ chrome-extension://invalid/:0
[   31278ms] [ERROR] Failed to load resource: net::ERR_FAILED @ chrome-extension://invalid/:0
[   31379ms] [ERROR] Failed to load resource: net::ERR_FAILED @ chrome-extension://invalid/:0
[   31480ms] [ERROR] Failed to load resource: net::ERR_FAILED @ chrome-extension://invalid/:0
[   31580ms] [ERROR] Failed to load resource: net::ERR_FAILED @ chrome-extension://invalid/:0
[   31681ms] [ERROR] Failed to load resource: net::ERR_FAILED @ chrome-extension://invalid/:0
[   31782ms] [ERROR] Failed to load resource: net::ERR_FAILED @ chrome-extension://invalid/:0
[   31883ms] [ERROR] Failed to load resource: net::ERR_FAILED @ chrome-extension://invalid/:0
[   31983ms] [ERROR] Failed to load resource: net::ERR_FAILED @ chrome-extension://invalid/:0
[   32084ms] [ERROR] Failed to load resource: net::ERR_FAILED @ chrome-extension://invalid/:0
[   32185ms] [ERROR] Failed to load resource: net::ERR_FAILED @ chrome-extension://invalid/:0
[   32285ms] [ERROR] Failed to load resource: net::ERR_FAILED @ chrome-extension://invalid/:0
[   32386ms] [ERROR] Failed to load resource: net::ERR_FAILED @ chrome-extension://invalid/:0
[   32502ms] [ERROR] Failed to load resource: net::ERR_FAILED @ chrome-extension://invalid/:0
[   32603ms] [ERROR] Failed to load resource: net::ERR_FAILED @ chrome-extension://invalid/:0
[   32703ms] [ERROR] Failed to load resource: net::ERR_FAILED @ chrome-extension://invalid/:0
[   32804ms] [ERROR] Failed to load resource: net::ERR_FAILED @ chrome-extension://invalid/:0
[   32905ms] [ERROR] Failed to load resource: net::ERR_FAILED @ chrome-extension://invalid/:0
[   33006ms] [ERROR] Failed to load resource: net::ERR_FAILED @ chrome-extension://invalid/:0
[   33106ms] [ERROR] Failed to load resource: net::ERR_FAILED @ chrome-extension://invalid/:0
[   33207ms] [ERROR] Failed to load resource: net::ERR_FAILED @ chrome-extension://invalid/:0
[   33308ms] [ERROR] Failed to load resource: net::ERR_FAILED @ chrome-extension://invalid/:0
[   33409ms] [ERROR] Failed to load resource: net::ERR_FAILED @ chrome-extension://invalid/:0
[   33510ms] [ERROR] Failed to load resource: net::ERR_FAILED @ chrome-extension://invalid/:0
[   33611ms] [ERROR] Failed to load resource: net::ERR_FAILED @ chrome-extension://invalid/:0
[   33711ms] [ERROR] Failed to load resource: net::ERR_FAILED @ chrome-extension://invalid/:0
[   33812ms] [ERROR] Failed to load resource: net::ERR_FAILED @ chrome-extension://invalid/:0
[   33914ms] [ERROR] Failed to load resource: net::ERR_FAILED @ chrome-extension://invalid/:0
[   34014ms] [ERROR] Failed to load resource: net::ERR_FAILED @ chrome-extension://invalid/:0
[   34115ms] [ERROR] Failed to load resource: net::ERR_FAILED @ chrome-extension://invalid/:0
[   34216ms] [ERROR] Failed to load resource: net::ERR_FAILED @ chrome-extension://invalid/:0
[   34317ms] [ERROR] Failed to load resource: net::ERR_FAILED @ chrome-extension://invalid/:0
[   34418ms] [ERROR] Failed to load resource: net::ERR_FAILED @ chrome-extension://invalid/:0
[   34519ms] [ERROR] Failed to load resource: net::ERR_FAILED @ chrome-extension://invalid/:0
[   34620ms] [ERROR] Failed to load resource: net::ERR_FAILED @ chrome-extension://invalid/:0
[   34720ms] [ERROR] Failed to load resource: net::ERR_FAILED @ chrome-extension://invalid/:0
[   34821ms] [ERROR] Failed to load resource: net::ERR_FAILED @ chrome-extension://invalid/:0
[   34922ms] [ERROR] Failed to load resource: net::ERR_FAILED @ chrome-extension://invalid/:0
[   35023ms] [ERROR] Failed to load resource: net::ERR_FAILED @ chrome-extension://invalid/:0
[   35124ms] [ERROR] Failed to load resource: net::ERR_FAILED @ chrome-extension://invalid/:0
[   35225ms] [ERROR] Failed to load resource: net::ERR_FAILED @ chrome-extension://invalid/:0
[   35326ms] [ERROR] Failed to load resource: net::ERR_FAILED @ chrome-extension://invalid/:0
[   35426ms] [ERROR] Failed to load resource: net::ERR_FAILED @ chrome-extension://invalid/:0
[   35527ms] [ERROR] Failed to load resource: net::ERR_FAILED @ chrome-extension://invalid/:0
