[     528ms] [ERROR] Failed to load resource: the server responded with a status of 999 () @ https://www.linkedin.com/in/johny-oliveira-18565824a/:0
[     791ms] [LOG] Error @ https://static.licdn.com/aero-v1/sc/h/95dn6qmfiqsklhxazp0jn20zg:1
[     826ms] [VERBOSE] [DOM] Input elements should have autocomplete attributes (suggested: "username"): (More info: https://goo.gl/9p2vKq) %o @ https://www.linkedin.com/authwall?trk=bf&trkInfo=AQGyAogYGufn3AAAAZ1Y9-fYkJSTqMsbepGu2quzH5UHtuSD1nzxAhHbHWUHfepL19wZbOIhwbUqFBdn6MZ6j-f0N8HE_84tMoXh58i7C0KJPWR46AITPDXJAZpa-0jd6k_DzmY=&original_referer=&sessionRedirect=https%3A%2F%2Fwww.linkedin.com%2Fin%2Fjohny-oliveira-18565824a%2F:0
[    1064ms] [WARNING] Element with id: dust-var-locale not found @ https://static.licdn.com/aero-v1/sc/h/ejtdgjypmqo0r3rqzilfwa1k3:1
[    1129ms] [LOG] %c EvalError
    at ml (https://client.protechts.net/PXdOjV695v/main.min.js:2:62526)
    at oo (https://client.protechts.net/PXdOjV695v/main.min.js:2:68148)
    at Hk (https://client.protechts.net/PXdOjV695v/main.min.js:2:217135)
    at Hi (https://client.protechts.net/PXdOjV695v/main.min.js:2:216858)
    at https://client.protechts.net/PXdOjV695v/main.min.js:2:218562
    at https://client.protechts.net/PXdOjV695v/main.min.js:2:218568
    at https://client.protechts.net/PXdOjV695v/main.min.js:2:219033 @ https://client.protechts.net/PXdOjV695v/main.min.js:1
[    1160ms] [WARNING] Canvas2D: Multiple readback operations using getImageData are faster with the willReadFrequently attribute set to true. See: https://html.spec.whatwg.org/multipage/canvas.html#concept-canvas-will-read-frequently @ https://static.licdn.com/aero-v1/sc/h/95dn6qmfiqsklhxazp0jn20zg:1
[    1169ms] [WARNING] [GSI_LOGGER]: Your client application may not display the Google One Tap in its default position. When FedCM becomes mandatory, One Tap only displays in the default position. Refer to the migration guide to update your code accordingly and opt-in to FedCM to test your changes. Learn more: https://developers.google.com/identity/gsi/web/guides/fedcm-migration?s=dc#layout @ https://static.licdn.com/aero-v1/sc/h/29rdkxlvag0d3cpj96fiilbju:168
[    1169ms] [WARNING] [GSI_LOGGER]: Your client application uses one of the Google One Tap prompt UI status methods that may stop functioning when FedCM becomes mandatory. Refer to the migration guide to update your code accordingly and opt-in to FedCM to test your changes. Learn more: https://developers.google.com/identity/gsi/web/guides/fedcm-migration?s=dc#display_moment and https://developers.google.com/identity/gsi/web/guides/fedcm-migration?s=dc#skipped_moment @ https://static.licdn.com/aero-v1/sc/h/29rdkxlvag0d3cpj96fiilbju:168
[    1170ms] [WARNING] [GSI_LOGGER]: Currently, you disable FedCM on Google One Tap. FedCM for One Tap will become mandatory starting Oct 2024, and you won’t be able to disable it. Refer to the migration guide to update your code accordingly to ensure users will not be blocked from logging in. Learn more: https://developers.google.com/identity/gsi/web/guides/fedcm-migration @ https://static.licdn.com/aero-v1/sc/h/29rdkxlvag0d3cpj96fiilbju:168
[    1171ms] [WARNING] [GSI_LOGGER]: Currently, you disable FedCM on Google One Tap. FedCM for One Tap will become mandatory starting Oct 2024, and you won’t be able to disable it. Refer to the migration guide to update your code accordingly to ensure users will not be blocked from logging in. Learn more: https://developers.google.com/identity/gsi/web/guides/fedcm-migration @ https://static.licdn.com/aero-v1/sc/h/29rdkxlvag0d3cpj96fiilbju:168
[    1204ms] [WARNING] WARNING: Too many active WebGL contexts. Oldest context will be lost. @ https://static.licdn.com/aero-v1/sc/h/3lm6jmtzdyw0hlonhje0bbsjf:0
[    1208ms] [WARNING] WARNING: Too many active WebGL contexts. Oldest context will be lost. @ https://static.licdn.com/aero-v1/sc/h/3lm6jmtzdyw0hlonhje0bbsjf:0
[    1214ms] [WARNING] WARNING: Too many active WebGL contexts. Oldest context will be lost. @ https://static.licdn.com/aero-v1/sc/h/3lm6jmtzdyw0hlonhje0bbsjf:0
[    1249ms] [WARNING] WARNING: Too many active WebGL contexts. Oldest context will be lost. @ https://static.licdn.com/aero-v1/sc/h/3lm6jmtzdyw0hlonhje0bbsjf:0
[    1252ms] [WARNING] WARNING: Too many active WebGL contexts. Oldest context will be lost. @ https://static.licdn.com/aero-v1/sc/h/3lm6jmtzdyw0hlonhje0bbsjf:0
[    1259ms] [WARNING] WARNING: Too many active WebGL contexts. Oldest context will be lost. @ https://static.licdn.com/aero-v1/sc/h/3lm6jmtzdyw0hlonhje0bbsjf:0
[    1377ms] [WARNING] Canvas2D: Multiple readback operations using getImageData are faster with the willReadFrequently attribute set to true. See: https://html.spec.whatwg.org/multipage/canvas.html#concept-canvas-will-read-frequently @ https://static.licdn.com/aero-v1/sc/h/95dn6qmfiqsklhxazp0jn20zg:1
[    1384ms] [WARNING] Canvas2D: Multiple readback operations using getImageData are faster with the willReadFrequently attribute set to true. See: https://html.spec.whatwg.org/multipage/canvas.html#concept-canvas-will-read-frequently @ https://static.licdn.com/aero-v1/sc/h/95dn6qmfiqsklhxazp0jn20zg:1
[    5923ms] Uncaught ReferenceError: eventHandler is not defined
    at set (https://static.licdn.com/aero-v1/sc/h/ejtdgjypmqo0r3rqzilfwa1k3:1:1378725)
    at <anonymous> (https://static.licdn.com/aero-v1/sc/h/ejtdgjypmqo0r3rqzilfwa1k3:1:1376322)
[    5923ms] Uncaught TypeError: Cannot read properties of null (reading 'name')
    at <anonymous> (https://static.licdn.com/aero-v1/sc/h/e69gtg8c61dzqklxridy0htl9:0:293010)
[    5924ms] Uncaught ReferenceError: eventHandler is not defined
    at set (https://static.licdn.com/aero-v1/sc/h/ejtdgjypmqo0r3rqzilfwa1k3:1:1378725)
    at <anonymous> (https://static.licdn.com/aero-v1/sc/h/ejtdgjypmqo0r3rqzilfwa1k3:1:1376322)
[    5924ms] Uncaught TypeError: Cannot read properties of null (reading 'name')
    at <anonymous> (https://static.licdn.com/aero-v1/sc/h/e69gtg8c61dzqklxridy0htl9:0:293010)
[    5925ms] Uncaught ReferenceError: eventHandler is not defined
    at set (https://static.licdn.com/aero-v1/sc/h/ejtdgjypmqo0r3rqzilfwa1k3:1:1378725)
    at <anonymous> (https://static.licdn.com/aero-v1/sc/h/ejtdgjypmqo0r3rqzilfwa1k3:1:1376322)
[    5925ms] Uncaught TypeError: Cannot read properties of null (reading 'name')
    at <anonymous> (https://static.licdn.com/aero-v1/sc/h/e69gtg8c61dzqklxridy0htl9:0:293010)
[    5925ms] Uncaught ReferenceError: eventHandler is not defined
    at set (https://static.licdn.com/aero-v1/sc/h/ejtdgjypmqo0r3rqzilfwa1k3:1:1378725)
    at <anonymous> (https://static.licdn.com/aero-v1/sc/h/ejtdgjypmqo0r3rqzilfwa1k3:1:1376322)
[    5925ms] Uncaught TypeError: Cannot read properties of null (reading 'name')
    at <anonymous> (https://static.licdn.com/aero-v1/sc/h/e69gtg8c61dzqklxridy0htl9:0:293010)
[    5926ms] Uncaught ReferenceError: eventHandler is not defined
    at set (https://static.licdn.com/aero-v1/sc/h/ejtdgjypmqo0r3rqzilfwa1k3:1:1378725)
    at <anonymous> (https://static.licdn.com/aero-v1/sc/h/ejtdgjypmqo0r3rqzilfwa1k3:1:1376322)
[    5926ms] Uncaught TypeError: Cannot read properties of null (reading 'name')
    at <anonymous> (https://static.licdn.com/aero-v1/sc/h/e69gtg8c61dzqklxridy0htl9:0:293010)
[    5926ms] Uncaught ReferenceError: eventHandler is not defined
    at set (https://static.licdn.com/aero-v1/sc/h/ejtdgjypmqo0r3rqzilfwa1k3:1:1378725)
    at <anonymous> (https://static.licdn.com/aero-v1/sc/h/ejtdgjypmqo0r3rqzilfwa1k3:1:1376322)
[    5926ms] Uncaught TypeError: Cannot read properties of null (reading 'name')
    at <anonymous> (https://static.licdn.com/aero-v1/sc/h/e69gtg8c61dzqklxridy0htl9:0:293010)
[    5927ms] Uncaught ReferenceError: eventHandler is not defined
    at set (https://static.licdn.com/aero-v1/sc/h/ejtdgjypmqo0r3rqzilfwa1k3:1:1378725)
    at <anonymous> (https://static.licdn.com/aero-v1/sc/h/ejtdgjypmqo0r3rqzilfwa1k3:1:1376322)
[    5927ms] Uncaught TypeError: Cannot read properties of null (reading 'name')
    at <anonymous> (https://static.licdn.com/aero-v1/sc/h/e69gtg8c61dzqklxridy0htl9:0:293010)
[    5927ms] Uncaught ReferenceError: eventHandler is not defined
    at set (https://static.licdn.com/aero-v1/sc/h/ejtdgjypmqo0r3rqzilfwa1k3:1:1378725)
    at <anonymous> (https://static.licdn.com/aero-v1/sc/h/ejtdgjypmqo0r3rqzilfwa1k3:1:1376322)
[    5927ms] Uncaught TypeError: Cannot read properties of null (reading 'name')
    at <anonymous> (https://static.licdn.com/aero-v1/sc/h/e69gtg8c61dzqklxridy0htl9:0:293010)
