Turbo Capturing: AA
Turbo Capturing: AB
Turbo Capturing: AC
Turbo Capturing: AD
Turbo Capturing: AE
Turbo Capturing: AF
Turbo Capturing: AG
Turbo Capturing: AH
Turbo Capturing: AI
Turbo Capturing: AJ
Turbo Capturing: AK
Turbo Capturing: AL
Turbo Capturing: AM
Turbo Capturing: AN
Turbo Capturing: AO
Turbo Capturing: AP
Turbo Capturing: AQ
Turbo Capturing: AR
Turbo Capturing: AS
Turbo Capturing: AT
Turbo Capturing: AU
Turbo Capturing: AV
Turbo Capturing: AW
Turbo Capturing: AX
Turbo Capturing: AY
Turbo Capturing: AZ
Turbo Capturing: BA
Turbo Capturing: BB
Turbo Capturing: BC
Turbo Capturing: BD
Turbo Capturing: BE
Turbo Capturing: BF
Turbo Capturing: BG
Turbo Capturing: BH
Turbo Capturing: BI
Turbo Capturing: BJ
Turbo Capturing: BK
Turbo Capturing: BL
Turbo Capturing: BM
Turbo Capturing: BN
Turbo Capturing: BO
Turbo Capturing: BP
Turbo Capturing: BQ
Turbo Capturing: BR
Turbo Capturing: BS
Turbo Capturing: BT
Turbo Capturing: BU
Turbo Capturing: BV
Turbo Capturing: BW
Turbo Capturing: BX
Turbo Capturing: BY
Turbo Capturing: BZ
Turbo Capturing: CA
Turbo Capturing: CB
Turbo Capturing: CC
Turbo Capturing: CD
Turbo Capturing: CE
Turbo Capturing: CF
Turbo Capturing: CG
Turbo Capturing: CH
Turbo Capturing: CI
Turbo Capturing: CJ
Turbo Capturing: CK
Turbo Capturing: CL
Turbo Capturing: CM
Turbo Capturing: CN
Turbo Capturing: CO
Turbo Capturing: CP
Turbo Capturing: CQ
Turbo Capturing: CR
Turbo Capturing: CS
Turbo Capturing: CT
Turbo Capturing: CU
Turbo Capturing: CV
Turbo Capturing: CW
Turbo Capturing: CX
Turbo Capturing: CY
Turbo Capturing: CZ
Turbo Capturing: DA
Turbo Capturing: DB
Turbo Capturing: DC
Turbo Capturing: DD
Turbo Capturing: DE
Turbo Capturing: DF
Turbo Capturing: DG
Turbo Capturing: DH
Turbo Capturing: DI
Turbo Capturing: DJ
Turbo Capturing: DK
Turbo Capturing: DL
Turbo Capturing: DM
Turbo Capturing: DN
Turbo Capturing: DO
Turbo Capturing: DP
Turbo Capturing: DQ
Turbo Capturing: DR
Turbo Capturing: DS
Turbo Capturing: DT
Turbo Capturing: DU
Turbo Capturing: DV
Turbo Capturing: DW
Turbo Capturing: DX
Turbo Capturing: DY
Turbo Capturing: DZ
Turbo Capturing: EA
Turbo Capturing: EB
Turbo Capturing: EC
Turbo Capturing: ED
Turbo Capturing: EE
Turbo Capturing: EF
Turbo Capturing: EG
Turbo Capturing: EH
Turbo Capturing: EI
Turbo Capturing: EJ
Turbo Capturing: EK
Turbo Capturing: EL
Turbo Capturing: EM
Turbo Capturing: EN
Turbo Capturing: EO
Turbo Capturing: EP
Turbo Capturing: EQ
Turbo Capturing: ER
Turbo Capturing: ES
Turbo Capturing: ET
Turbo Capturing: EU
Turbo Capturing: EV
Turbo Capturing: EW
Turbo Capturing: EX
Turbo Capturing: EY
Turbo Capturing: EZ
Turbo Capturing: FA
Turbo Capturing: FB
Turbo Capturing: FC
Turbo Capturing: FD
Turbo Capturing: FE
Turbo Capturing: FF
Turbo Capturing: FG
Turbo Capturing: FH
Turbo Capturing: FI
Turbo Capturing: FJ
Turbo Capturing: FK
Turbo Capturing: FL
Turbo Capturing: FM
Turbo Capturing: FN
Turbo Capturing: FO
Turbo Capturing: FP
Turbo Capturing: FQ
Turbo Capturing: FR
Turbo Capturing: FS
Turbo Capturing: FT
Turbo Capturing: FU
Turbo Capturing: FV
Turbo Capturing: FW
Turbo Capturing: FX
Turbo Capturing: FY
Turbo Capturing: FZ
Turbo Capturing: GA
Turbo Capturing: GB
Turbo Capturing: GC
Turbo Capturing: GD
Turbo Capturing: GE
Turbo Capturing: GF
Turbo Capturing: GG
Turbo Capturing: GH
Turbo Capturing: GI
Turbo Capturing: GJ
Turbo Capturing: GK
Turbo Capturing: GL
Turbo Capturing: GM
Turbo Capturing: GN
Turbo Capturing: GO
Turbo Capturing: GP
Turbo Capturing: GQ
Turbo Capturing: GR
Turbo Capturing: GS
Turbo Capturing: GT
Turbo Capturing: GU
Turbo Capturing: GV
Turbo Capturing: GW
Turbo Capturing: GX
Turbo Capturing: GY
Turbo Capturing: GZ
Turbo Capturing: HA
Turbo Capturing: HB
Turbo Capturing: HC
Turbo Capturing: HD
Turbo Capturing: HE
Turbo Capturing: HF
Turbo Capturing: HG
Turbo Capturing: HH
Turbo Capturing: HI
Turbo Capturing: HJ
Turbo Capturing: HK
Turbo Capturing: HL
Turbo Capturing: HM
Turbo Capturing: HN
Turbo Capturing: HO
Turbo Capturing: HP
Turbo Capturing: HQ
Turbo Capturing: HR
Turbo Capturing: HS
Turbo Capturing: HT
Turbo Capturing: HU
Turbo Capturing: HV
Turbo Capturing: HW
Turbo Capturing: HX
Turbo Capturing: HY
Turbo Capturing: HZ
Turbo Capturing: IA
Turbo Capturing: IB
Turbo Capturing: IC
Turbo Capturing: ID
Turbo Capturing: IE
Turbo Capturing: IF
Turbo Capturing: IG
Turbo Capturing: IH
Turbo Capturing: II
Turbo Capturing: IJ
Turbo Capturing: IK
Turbo Capturing: IL
Turbo Capturing: IM
Turbo Capturing: IN
Turbo Capturing: IO
Turbo Capturing: IP
Turbo Capturing: IQ
Turbo Capturing: IR
Turbo Capturing: IS
Turbo Capturing: IT
Turbo Capturing: IU
Turbo Capturing: IV
Turbo Capturing: IW
Turbo Capturing: IX
Turbo Capturing: IY
Turbo Capturing: IZ
Turbo Capturing: JA
Turbo Capturing: JB
Turbo Capturing: JC
Turbo Capturing: JD
Turbo Capturing: JE
Turbo Capturing: JF
Turbo Capturing: JG
Turbo Capturing: JH
Turbo Capturing: JI
Turbo Capturing: JJ
Turbo Capturing: JK
Turbo Capturing: JL
Turbo Capturing: JM
Turbo Capturing: JN
Turbo Capturing: JO
Turbo Capturing: JP
Turbo Capturing: JQ
Turbo Capturing: JR
Turbo Capturing: JS
Turbo Capturing: JT
Turbo Capturing: JU
Turbo Capturing: JV
Turbo Capturing: JW
Turbo Capturing: JX
Turbo Capturing: JY
Turbo Capturing: JZ
Turbo Capturing: KA
Turbo Capturing: KB
Turbo Capturing: KC
Turbo Capturing: KD
Turbo Capturing: KE
Turbo Capturing: KF
Turbo Capturing: KG
Turbo Capturing: KH
Turbo Capturing: KI
Turbo Capturing: KJ
Turbo Capturing: KK
Turbo Capturing: KL
Turbo Capturing: KM
Turbo Capturing: KN
Turbo Capturing: KO
Turbo Capturing: KP
Turbo Capturing: KQ
Turbo Capturing: KR
Turbo Capturing: KS
Turbo Capturing: KT
Turbo Capturing: KU
Turbo Capturing: KV
Turbo Capturing: KW
Turbo Capturing: KX
Turbo Capturing: KY
Turbo Capturing: KZ
Turbo Capturing: LA
Turbo Capturing: LB
Turbo Capturing: LC
Turbo Capturing: LD
Turbo Capturing: LE
Turbo Capturing: LF
Turbo Capturing: LG
Turbo Capturing: LH
Turbo Capturing: LI
Turbo Capturing: LJ
Turbo Capturing: LK
Turbo Capturing: LL
Turbo Capturing: LM
Turbo Capturing: LN
Turbo Capturing: LO
Turbo Capturing: LP
Turbo Capturing: LQ
Turbo Capturing: LR
Turbo Capturing: LS
Turbo Capturing: LT
Turbo Capturing: LU
Turbo Capturing: LV
Turbo Capturing: LW
Turbo Capturing: LX
Turbo Capturing: LY
Turbo Capturing: LZ
Turbo Capturing: MA
Turbo Capturing: MB
Turbo Capturing: MC
Turbo Capturing: MD
Turbo Capturing: ME
Turbo Capturing: MF
Turbo Capturing: MG
Turbo Capturing: MH
Turbo Capturing: MI
Turbo Capturing: MJ
Turbo Capturing: MK
Turbo Capturing: ML
Turbo Capturing: MM
Turbo Capturing: MN
Turbo Capturing: MO
Turbo Capturing: MP
Turbo Capturing: MQ
Turbo Capturing: MR
Turbo Capturing: MS
Turbo Capturing: MT
Turbo Capturing: MU
Turbo Capturing: MV
Turbo Capturing: MW
Turbo Capturing: MX
Turbo Capturing: MY
Turbo Capturing: MZ
Turbo Capturing: NA
Turbo Capturing: NB
Turbo Capturing: NC
Turbo Capturing: ND
Turbo Capturing: NE
Turbo Capturing: NF
Turbo Capturing: NG
Turbo Capturing: NH
Turbo Capturing: NI
Turbo Capturing: NJ
Turbo Capturing: NK
Turbo Capturing: NL
Turbo Capturing: NM
Turbo Capturing: NN
Turbo Capturing: NO
Turbo Capturing: NP
Turbo Capturing: NQ
Turbo Capturing: NR
Turbo Capturing: NS
Turbo Capturing: NT
Turbo Capturing: NU
Turbo Capturing: NV
Turbo Capturing: NW
Turbo Capturing: NX
Turbo Capturing: NY
Turbo Capturing: NZ
Turbo Capturing: OA
Turbo Capturing: OB
Turbo Capturing: OC
Turbo Capturing: OD
Turbo Capturing: OE
Turbo Capturing: OF
Turbo Capturing: OG
Turbo Capturing: OH
Turbo Capturing: OI
Turbo Capturing: OJ
Turbo Capturing: OK
Turbo Capturing: OL
Turbo Capturing: OM
Turbo Capturing: ON
Turbo Capturing: OO
Turbo Capturing: OP
Turbo Capturing: OQ
Turbo Capturing: OR
Turbo Capturing: OS
Turbo Capturing: OT
Turbo Capturing: OU
Turbo Capturing: OV
Turbo Capturing: OW
Turbo Capturing: OX
Turbo Capturing: OY
Turbo Capturing: OZ
Turbo Capturing: PA
Turbo Capturing: PB
Turbo Capturing: PC
Turbo Capturing: PD
Turbo Capturing: PE
Turbo Capturing: PF
Turbo Capturing: PG
Turbo Capturing: PH
Turbo Capturing: PI
Turbo Capturing: PJ
Turbo Capturing: PK
Turbo Capturing: PL
Turbo Capturing: PM
Turbo Capturing: PN
Turbo Capturing: PO
Turbo Capturing: PP
Turbo Capturing: PQ
Turbo Capturing: PR
Turbo Capturing: PS
Turbo Capturing: PT
Turbo Capturing: PU
Turbo Capturing: PV
Turbo Capturing: PW
Turbo Capturing: PX
Turbo Capturing: PY
Turbo Capturing: PZ
Turbo Capturing: QA
Turbo Capturing: QB
Turbo Capturing: QC
Turbo Capturing: QD
Turbo Capturing: QE
Turbo Capturing: QF
Turbo Capturing: QG
Turbo Capturing: QH
Turbo Capturing: QI
Turbo Capturing: QJ
Turbo Capturing: QK
Turbo Capturing: QL
Turbo Capturing: QM
Turbo Capturing: QN
Turbo Capturing: QO
Turbo Capturing: QP
Turbo Capturing: QQ
Turbo Capturing: QR
Turbo Capturing: QS
Turbo Capturing: QT
Turbo Capturing: QU
Turbo Capturing: QV
Turbo Capturing: QW
Turbo Capturing: QX
Turbo Capturing: QY
Turbo Capturing: QZ
Turbo Capturing: RA
Turbo Capturing: RB
Turbo Capturing: RC
Turbo Capturing: RD
Turbo Capturing: RE
Turbo Capturing: RF
Turbo Capturing: RG
Turbo Capturing: RH
Turbo Capturing: RI
Turbo Capturing: RJ
Turbo Capturing: RK
Turbo Capturing: RL
Turbo Capturing: RM
Turbo Capturing: RN
Turbo Capturing: RO
Turbo Capturing: RP
Turbo Capturing: RQ
Turbo Capturing: RR
Turbo Capturing: RS
Turbo Capturing: RT
Turbo Capturing: RU
Turbo Capturing: RV
Turbo Capturing: RW
Turbo Capturing: RX
Turbo Capturing: RY
Turbo Capturing: RZ
Turbo Capturing: SA
Turbo Capturing: SB
Turbo Capturing: SC
Turbo Capturing: SD
Turbo Capturing: SE
Turbo Capturing: SF
Turbo Capturing: SG
Turbo Capturing: SH
Turbo Capturing: SI
Turbo Capturing: SJ
Turbo Capturing: SK
Turbo Capturing: SL
Turbo Capturing: SM
Turbo Capturing: SN
Turbo Capturing: SO
Turbo Capturing: SP
Turbo Capturing: SQ
Turbo Capturing: SR
Turbo Capturing: SS
Turbo Capturing: ST
Turbo Capturing: SU
Turbo Capturing: SV
Turbo Capturing: SW
Turbo Capturing: SX
Turbo Capturing: SY
Turbo Capturing: SZ
Turbo Capturing: TA
Turbo Capturing: TB
Turbo Capturing: TC
Turbo Capturing: TD
Turbo Capturing: TE
Turbo Capturing: TF
Turbo Capturing: TG
Turbo Capturing: TH
Turbo Capturing: TI
Turbo Capturing: TJ
Turbo Capturing: TK
Turbo Capturing: TL
Turbo Capturing: TM
Turbo Capturing: TN
Turbo Capturing: TO
Turbo Capturing: TP
Turbo Capturing: TQ
Turbo Capturing: TR
Turbo Capturing: TS
Turbo Capturing: TT
Turbo Capturing: TU
Turbo Capturing: TV
Turbo Capturing: TW
Turbo Capturing: TX
Turbo Capturing: TY
Turbo Capturing: TZ
Turbo Capturing: UA
Turbo Capturing: UB
Turbo Capturing: UC
Turbo Capturing: UD
Turbo Capturing: UE
Turbo Capturing: UF
Turbo Capturing: UG
Turbo Capturing: UH
Turbo Capturing: UI
Turbo Capturing: UJ
Turbo Capturing: UK
Turbo Capturing: UL
Turbo Capturing: UM
Turbo Capturing: UN
Turbo Capturing: UO
Turbo Capturing: UP
Turbo Capturing: UQ
Turbo Capturing: UR
Turbo Capturing: US
Turbo Capturing: UT
Turbo Capturing: UU
Turbo Capturing: UV
Turbo Capturing: UW
Turbo Capturing: UX
Turbo Capturing: UY
Turbo Capturing: UZ
Turbo Capturing: VA
Turbo Capturing: VB
Turbo Capturing: VC
Turbo Capturing: VD
Turbo Capturing: VE
Turbo Capturing: VF
Turbo Capturing: VG
Turbo Capturing: VH
Turbo Capturing: VI
Turbo Capturing: VJ
Turbo Capturing: VK
Turbo Capturing: VL
Turbo Capturing: VM
Turbo Capturing: VN
Turbo Capturing: VO
Turbo Capturing: VP
Turbo Capturing: VQ
Turbo Capturing: VR
Turbo Capturing: VS
Turbo Capturing: VT
Turbo Capturing: VU
Turbo Capturing: VV
Turbo Capturing: VW
Turbo Capturing: VX
Turbo Capturing: VY
Turbo Capturing: VZ
Turbo Capturing: WA
Turbo Capturing: WB
Turbo Capturing: WC
Turbo Capturing: WD
Turbo Capturing: WE
Turbo Capturing: WF
Turbo Capturing: WG
Turbo Capturing: WH
Turbo Capturing: WI
Turbo Capturing: WJ
Turbo Capturing: WK
Turbo Capturing: WL
Turbo Capturing: WM
Turbo Capturing: WN
Turbo Capturing: WO
Turbo Capturing: WP
Turbo Capturing: WQ
Turbo Capturing: WR
Turbo Capturing: WS
Turbo Capturing: WT
Turbo Capturing: WU
Turbo Capturing: WV
Turbo Capturing: WW
Turbo Capturing: WX
Turbo Capturing: WY
Turbo Capturing: WZ
Turbo Capturing: XA
Turbo Capturing: XB
Turbo Capturing: XC
Turbo Capturing: XD
Turbo Capturing: XE
Turbo Capturing: XF
Turbo Capturing: XG
Turbo Capturing: XH
Turbo Capturing: XI
Turbo Capturing: XJ
Turbo Capturing: XK
Turbo Capturing: XL
Turbo Capturing: XM
Turbo Capturing: XN
Turbo Capturing: XO
Turbo Capturing: XP
Turbo Capturing: XQ
Turbo Capturing: XR
Turbo Capturing: XS
Turbo Capturing: XT
Turbo Capturing: XU
Turbo Capturing: XV
Turbo Capturing: XW
Turbo Capturing: XX
Turbo Capturing: XY
Turbo Capturing: XZ
Turbo Capturing: YA
Turbo Capturing: YB
Turbo Capturing: YC
Turbo Capturing: YD
Turbo Capturing: YE
Turbo Capturing: YF
Turbo Capturing: YG
Turbo Capturing: YH
Turbo Capturing: YI
Turbo Capturing: YJ
Turbo Capturing: YK
Turbo Capturing: YL
Turbo Capturing: YM
Turbo Capturing: YN
Turbo Capturing: YO
Turbo Capturing: YP
Turbo Capturing: YQ
Turbo Capturing: YR
Turbo Capturing: YS
Turbo Capturing: YT
Turbo Capturing: YU
Turbo Capturing: YV
Turbo Capturing: YW
Turbo Capturing: YX
Turbo Capturing: YY
Turbo Capturing: YZ
Turbo Capturing: ZA
Turbo Capturing: ZB
Turbo Capturing: ZC
Turbo Capturing: ZD
Turbo Capturing: ZE
Turbo Capturing: ZF
Turbo Capturing: ZG
Turbo Capturing: ZH
Turbo Capturing: ZI
Turbo Capturing: ZJ
Turbo Capturing: ZK
Turbo Capturing: ZL
Turbo Capturing: ZM
Turbo Capturing: ZN
Turbo Capturing: ZO
Turbo Capturing: ZP
Turbo Capturing: ZQ
Turbo Capturing: ZR
Turbo Capturing: ZS
Turbo Capturing: ZT
Turbo Capturing: ZU
Turbo Capturing: ZV
Turbo Capturing: ZW
Turbo Capturing: ZX
Turbo Capturing: ZY
Turbo Capturing: ZZ
(node:523412) ExperimentalWarning: SQLite is an experimental feature and might change at any time
(Use `node --trace-warnings ...` to show where the warning was created)
